2025-05-27 12:22:18,279 - INFO - Trap Signals Consumer started.
2025-05-27 12:22:18,661 - INFO - Loaded 1 stateful rules.
2025-05-27 12:22:18,664 - INFO - Subscribed to topic: trap-signals
2025-05-27 12:26:15,354 - INFO - Received rule: InterfaceLinkDown
2025-05-27 12:26:15,355 - INFO - Matched rule: {'id': 1, 'name': 'InterfaceLinkDown', 'opensignaltrap': 'IF-MIB::linkDown', 'closesignaltrap': 'IF-MIB::linkUp', 'opensignaltag': '', 'opensignalvalue': '', 'closesignaltag': '', 'closesignalvalue': '', 'initialseverity': 'medium', 'affectedentity': ['Interface'], 'description': '', 'warmup': 30, 'cooldown': 30, 'device_hostnames': []}
2025-05-27 12:26:15,355 - INFO - Trap data: {'source_ip': '192.168.1.212', 'DISMAN-EXPRESSION-MIB::sysUpTimeInstance': '3:25:51.44', 'SNMPv2-MIB::snmpTrapOID.0': 'IF-MIB::linkDown', 'content': {'IF-MIB::ifIndex.2': '2', 'IF-MIB::ifDescr.2': 'GigabitEthernet2', 'IF-MIB::ifType.2': 'ethernetCsmacd(6)', 'CISCO-SMI::local.2.1.1.20.2': 'administratively down'}, '@timestamp': '2025-05-27T12:26:15.121998', 'trap_id': '8b74b2d748f7110fcfaf02217dd927511cb1569de9d1b01c13232d56138f8ad4', 'Interface': 'GigabitEthernet2', 'rule': 'InterfaceLinkDown'}
2025-05-27 12:26:15,355 - INFO - Trap SNMP Trap OID: IF-MIB::linkDown, Open Signal value: IF-MIB::linkDown: None
2025-05-27 12:26:15,355 - INFO - Trap SNMP Trap OID: IF-MIB::linkDown, Close Signal value: IF-MIB::linkUp: None
2025-05-27 12:26:15,356 - INFO - Trap eligible for opening signal: None
2025-05-27 12:26:15,373 - ERROR - OpenSearch error (find related): 400 - {"error":{"root_cause":[{"type":"parsing_exception","reason":"[term] query does not support [id]","line":1,"col":63}],"type":"x_content_parse_exception","reason":"[1:63] [bool] failed to parse field [must]","caused_by":{"type":"parsing_exception","reason":"[term] query does not support [id]","line":1,"col":63}},"status":400}
2025-05-27 12:26:15,373 - INFO - Related signal ID: None, Related signal: None, Rule: {'id': 1, 'name': 'InterfaceLinkDown', 'opensignaltrap': 'IF-MIB::linkDown', 'closesignaltrap': 'IF-MIB::linkUp', 'opensignaltag': '', 'opensignalvalue': '', 'closesignaltag': '', 'closesignalvalue': '', 'initialseverity': 'medium', 'affectedentity': ['Interface'], 'description': '', 'warmup': 30, 'cooldown': 30, 'device_hostnames': []}, affected entities: {'Interface': 'GigabitEthernet2'}
2025-05-27 12:26:15,374 - INFO - Creating new signal (no related or closed).
2025-05-27 12:26:15,387 - INFO - Signal saved to OpenSearch: {'signal_id': 'e28063c3', 'device': '192.168.1.212', 'rule': 'InterfaceLinkDown', 'snmpTrapOid': 'IF-MIB::linkDown', 'affectedEntities': {'Interface': 'GigabitEthernet2'}, 'severity': 'medium', 'description': '', '@startTime': '2025-05-27T12:26:15.121998', 'endTime': None, 'status': 'warmUp', 'events': ['8b74b2d748f7110fcfaf02217dd927511cb1569de9d1b01c13232d56138f8ad4']}
2025-05-27 12:26:15,741 - INFO - Created signal (ID: UY61EZcB06yctF3DK5rS) with warmUp=30s: {'signal_id': 'e28063c3', 'device': '192.168.1.212', 'rule': 'InterfaceLinkDown', 'snmpTrapOid': 'IF-MIB::linkDown', 'affectedEntities': {'Interface': 'GigabitEthernet2'}, 'severity': 'medium', 'description': '', '@startTime': '2025-05-27T12:26:15.121998', 'endTime': None, 'status': 'warmUp', 'events': ['8b74b2d748f7110fcfaf02217dd927511cb1569de9d1b01c13232d56138f8ad4']}
2025-05-27 12:26:18,294 - INFO - Received rule: InterfaceLinkDown
2025-05-27 12:26:18,295 - INFO - Matched rule: {'id': 1, 'name': 'InterfaceLinkDown', 'opensignaltrap': 'IF-MIB::linkDown', 'closesignaltrap': 'IF-MIB::linkUp', 'opensignaltag': '', 'opensignalvalue': '', 'closesignaltag': '', 'closesignalvalue': '', 'initialseverity': 'medium', 'affectedentity': ['Interface'], 'description': '', 'warmup': 30, 'cooldown': 30, 'device_hostnames': []}
2025-05-27 12:26:18,295 - INFO - Trap data: {'source_ip': '192.168.1.212', 'DISMAN-EXPRESSION-MIB::sysUpTimeInstance': '3:25:54.63', 'SNMPv2-MIB::snmpTrapOID.0': 'IF-MIB::linkDown', 'content': {'IF-MIB::ifIndex.3': '3', 'IF-MIB::ifDescr.3': 'GigabitEthernet3', 'IF-MIB::ifType.3': 'ethernetCsmacd(6)', 'CISCO-SMI::local.2.1.1.20.3': 'administratively down'}, '@timestamp': '2025-05-27T12:26:18.278013', 'trap_id': '8b74b2d748f7110fcfaf02217dd927511cb1569de9d1b01c13232d56138f8ad4', 'Interface': 'GigabitEthernet3', 'rule': 'InterfaceLinkDown'}
2025-05-27 12:26:18,295 - INFO - Trap SNMP Trap OID: IF-MIB::linkDown, Open Signal value: IF-MIB::linkDown: None
2025-05-27 12:26:18,295 - INFO - Trap SNMP Trap OID: IF-MIB::linkDown, Close Signal value: IF-MIB::linkUp: None
2025-05-27 12:26:18,295 - INFO - Trap eligible for opening signal: None
2025-05-27 12:26:18,303 - ERROR - OpenSearch error (find related): 400 - {"error":{"root_cause":[{"type":"parsing_exception","reason":"[term] query does not support [id]","line":1,"col":63}],"type":"x_content_parse_exception","reason":"[1:63] [bool] failed to parse field [must]","caused_by":{"type":"parsing_exception","reason":"[term] query does not support [id]","line":1,"col":63}},"status":400}
2025-05-27 12:26:18,303 - INFO - Related signal ID: None, Related signal: None, Rule: {'id': 1, 'name': 'InterfaceLinkDown', 'opensignaltrap': 'IF-MIB::linkDown', 'closesignaltrap': 'IF-MIB::linkUp', 'opensignaltag': '', 'opensignalvalue': '', 'closesignaltag': '', 'closesignalvalue': '', 'initialseverity': 'medium', 'affectedentity': ['Interface'], 'description': '', 'warmup': 30, 'cooldown': 30, 'device_hostnames': []}, affected entities: {'Interface': 'GigabitEthernet3'}
2025-05-27 12:26:18,303 - INFO - Creating new signal (no related or closed).
2025-05-27 12:26:18,315 - INFO - Signal saved to OpenSearch: {'signal_id': '23077fb4', 'device': '192.168.1.212', 'rule': 'InterfaceLinkDown', 'snmpTrapOid': 'IF-MIB::linkDown', 'affectedEntities': {'Interface': 'GigabitEthernet3'}, 'severity': 'medium', 'description': '', '@startTime': '2025-05-27T12:26:18.278013', 'endTime': None, 'status': 'warmUp', 'events': ['8b74b2d748f7110fcfaf02217dd927511cb1569de9d1b01c13232d56138f8ad4']}
2025-05-27 12:26:18,317 - INFO - Created signal (ID: V461EZcB06yctF3DN5pF) with warmUp=30s: {'signal_id': '23077fb4', 'device': '192.168.1.212', 'rule': 'InterfaceLinkDown', 'snmpTrapOid': 'IF-MIB::linkDown', 'affectedEntities': {'Interface': 'GigabitEthernet3'}, 'severity': 'medium', 'description': '', '@startTime': '2025-05-27T12:26:18.278013', 'endTime': None, 'status': 'warmUp', 'events': ['8b74b2d748f7110fcfaf02217dd927511cb1569de9d1b01c13232d56138f8ad4']}
2025-05-27 12:27:07,855 - INFO - Received rule: InterfaceLinkDown
2025-05-27 12:27:07,855 - INFO - Matched rule: {'id': 1, 'name': 'InterfaceLinkDown', 'opensignaltrap': 'IF-MIB::linkDown', 'closesignaltrap': 'IF-MIB::linkUp', 'opensignaltag': '', 'opensignalvalue': '', 'closesignaltag': '', 'closesignalvalue': '', 'initialseverity': 'medium', 'affectedentity': ['Interface'], 'description': '', 'warmup': 30, 'cooldown': 30, 'device_hostnames': []}
2025-05-27 12:27:07,855 - INFO - Trap data: {'source_ip': '192.168.1.212', 'DISMAN-EXPRESSION-MIB::sysUpTimeInstance': '3:26:44.19', 'SNMPv2-MIB::snmpTrapOID.0': 'IF-MIB::linkUp', 'content': {'IF-MIB::ifIndex.2': '2', 'IF-MIB::ifDescr.2': 'GigabitEthernet2', 'IF-MIB::ifType.2': 'ethernetCsmacd(6)'}, '@timestamp': '2025-05-27T12:27:07.840294', 'trap_id': '8560c01737237d0bd170ba0235fb7c930b4db9d2f67d544abf3965b05b3fe0e8', 'Interface': 'GigabitEthernet2', 'rule': 'InterfaceLinkDown'}
2025-05-27 12:27:07,855 - INFO - Trap SNMP Trap OID: IF-MIB::linkUp, Open Signal value: IF-MIB::linkDown: None
2025-05-27 12:27:07,856 - INFO - Trap SNMP Trap OID: IF-MIB::linkUp, Close Signal value: IF-MIB::linkUp: None
2025-05-27 12:27:07,856 - INFO - Trap elligible for closing signal: None
2025-05-27 12:27:07,862 - ERROR - OpenSearch error (find related): 400 - {"error":{"root_cause":[{"type":"parsing_exception","reason":"[term] query does not support [id]","line":1,"col":63}],"type":"x_content_parse_exception","reason":"[1:63] [bool] failed to parse field [must]","caused_by":{"type":"parsing_exception","reason":"[term] query does not support [id]","line":1,"col":63}},"status":400}
2025-05-27 12:27:07,862 - INFO - Related signal ID: None, Related signal: None, Rule: {'id': 1, 'name': 'InterfaceLinkDown', 'opensignaltrap': 'IF-MIB::linkDown', 'closesignaltrap': 'IF-MIB::linkUp', 'opensignaltag': '', 'opensignalvalue': '', 'closesignaltag': '', 'closesignalvalue': '', 'initialseverity': 'medium', 'affectedentity': ['Interface'], 'description': '', 'warmup': 30, 'cooldown': 30, 'device_hostnames': []}, affected entities: {'Interface': 'GigabitEthernet2'}
2025-05-27 12:27:07,862 - ERROR - No related signal found to close.
2025-05-27 12:27:18,208 - INFO - Received rule: InterfaceLinkDown
2025-05-27 12:27:18,208 - INFO - Matched rule: {'id': 1, 'name': 'InterfaceLinkDown', 'opensignaltrap': 'IF-MIB::linkDown', 'closesignaltrap': 'IF-MIB::linkUp', 'opensignaltag': '', 'opensignalvalue': '', 'closesignaltag': '', 'closesignalvalue': '', 'initialseverity': 'medium', 'affectedentity': ['Interface'], 'description': '', 'warmup': 30, 'cooldown': 30, 'device_hostnames': []}
2025-05-27 12:27:18,208 - INFO - Trap data: {'source_ip': '192.168.1.212', 'DISMAN-EXPRESSION-MIB::sysUpTimeInstance': '3:26:54.54', 'SNMPv2-MIB::snmpTrapOID.0': 'IF-MIB::linkUp', 'content': {'IF-MIB::ifIndex.3': '3', 'IF-MIB::ifDescr.3': 'GigabitEthernet3', 'IF-MIB::ifType.3': 'ethernetCsmacd(6)'}, '@timestamp': '2025-05-27T12:27:18.192251', 'trap_id': '8560c01737237d0bd170ba0235fb7c930b4db9d2f67d544abf3965b05b3fe0e8', 'Interface': 'GigabitEthernet3', 'rule': 'InterfaceLinkDown'}
2025-05-27 12:27:18,209 - INFO - Trap SNMP Trap OID: IF-MIB::linkUp, Open Signal value: IF-MIB::linkDown: None
2025-05-27 12:27:18,209 - INFO - Trap SNMP Trap OID: IF-MIB::linkUp, Close Signal value: IF-MIB::linkUp: None
2025-05-27 12:27:18,209 - INFO - Trap elligible for closing signal: None
2025-05-27 12:27:18,215 - ERROR - OpenSearch error (find related): 400 - {"error":{"root_cause":[{"type":"parsing_exception","reason":"[term] query does not support [id]","line":1,"col":63}],"type":"x_content_parse_exception","reason":"[1:63] [bool] failed to parse field [must]","caused_by":{"type":"parsing_exception","reason":"[term] query does not support [id]","line":1,"col":63}},"status":400}
2025-05-27 12:27:18,215 - INFO - Related signal ID: None, Related signal: None, Rule: {'id': 1, 'name': 'InterfaceLinkDown', 'opensignaltrap': 'IF-MIB::linkDown', 'closesignaltrap': 'IF-MIB::linkUp', 'opensignaltag': '', 'opensignalvalue': '', 'closesignaltag': '', 'closesignalvalue': '', 'initialseverity': 'medium', 'affectedentity': ['Interface'], 'description': '', 'warmup': 30, 'cooldown': 30, 'device_hostnames': []}, affected entities: {'Interface': 'GigabitEthernet3'}
2025-05-27 12:27:18,215 - ERROR - No related signal found to close.
2025-05-27 14:44:26,606 - INFO - Shutting down signal consumer...
2025-05-27 14:44:26,611 - INFO - Signal consumer closed.
2025-05-27 14:44:26,611 - INFO - Trap Signals Consumer started.
2025-05-27 14:46:56,386 - INFO - Trap Signals Consumer started.
2025-05-27 14:46:56,606 - INFO - Loaded 1 stateful rules.
2025-05-27 14:46:56,610 - INFO - Subscribed to topic: trap-signals
2025-05-27 14:52:22,707 - INFO - Shutting down signal consumer...
2025-05-27 14:52:23,395 - INFO - Signal consumer closed.
2025-05-27 14:52:23,395 - INFO - Trap Signals Consumer started.
2025-05-27 15:01:54,189 - INFO - Trap Signals Consumer started.
2025-05-27 15:01:54,207 - INFO - Loaded 1 stateful rules.
2025-05-27 15:01:54,902 - INFO - Subscribed to topic: trap-signals
2025-05-27 15:03:48,217 - INFO - Received rule: InterfaceLinkDown
2025-05-27 15:03:48,249 - INFO - Matched rule: {'id': 1, 'name': 'InterfaceLinkDown', 'opensignaltrap': 'IF-MIB::linkDown', 'closesignaltrap': 'IF-MIB::linkUp', 'opensignaltag': '', 'opensignalvalue': '', 'closesignaltag': '', 'closesignalvalue': '', 'initialseverity': 'medium', 'affectedentity': ['Interface'], 'description': '', 'warmup': 30, 'cooldown': 30, 'device_hostnames': []}
2025-05-27 15:03:48,250 - INFO - Trap data: {'device': '192.168.1.212', 'DISMAN-EXPRESSION-MIB::sysUpTimeInstance': '6:03:23.93', 'SNMPv2-MIB::snmpTrapOID.0': 'IF-MIB::linkDown', 'content': {'IF-MIB::ifIndex.4': '4', 'IF-MIB::ifDescr.4': 'GigabitEthernet4', 'IF-MIB::ifType.4': 'ethernetCsmacd(6)', 'CISCO-SMI::local.2.1.1.20.4': 'administratively down'}, '@timestamp': '2025-05-27T15:03:48.084754', 'trap_id': '8b74b2d748f7110fcfaf02217dd927511cb1569de9d1b01c13232d56138f8ad4', 'Interface': 'GigabitEthernet4', 'rule': 'InterfaceLinkDown'}
2025-05-27 15:03:48,250 - INFO - Trap SNMP Trap OID: IF-MIB::linkDown, Open Signal value: IF-MIB::linkDown: None
2025-05-27 15:03:48,250 - INFO - Trap SNMP Trap OID: IF-MIB::linkDown, Close Signal value: IF-MIB::linkUp: None
2025-05-27 15:03:48,250 - INFO - Trap eligible for opening signal: None
2025-05-27 15:03:48,280 - ERROR - OpenSearch error (find related): 400 - {"error":{"root_cause":[{"type":"parsing_exception","reason":"[term] query does not support [id]","line":1,"col":63}],"type":"x_content_parse_exception","reason":"[1:63] [bool] failed to parse field [must]","caused_by":{"type":"parsing_exception","reason":"[term] query does not support [id]","line":1,"col":63}},"status":400}
2025-05-27 15:03:48,280 - INFO - Related signal ID: None, Related signal: None, Rule: {'id': 1, 'name': 'InterfaceLinkDown', 'opensignaltrap': 'IF-MIB::linkDown', 'closesignaltrap': 'IF-MIB::linkUp', 'opensignaltag': '', 'opensignalvalue': '', 'closesignaltag': '', 'closesignalvalue': '', 'initialseverity': 'medium', 'affectedentity': ['Interface'], 'description': '', 'warmup': 30, 'cooldown': 30, 'device_hostnames': []}, affected entities: {'Interface': 'GigabitEthernet4'}
2025-05-27 15:03:48,281 - INFO - Creating new signal (no related or closed).
2025-05-27 15:03:48,395 - INFO - Signal saved to OpenSearch: {'signal_id': '0c4b3ac2', 'device': None, 'rule': 'InterfaceLinkDown', 'snmpTrapOid': 'IF-MIB::linkDown', 'affectedEntities': {'Interface': 'GigabitEthernet4'}, 'severity': 'medium', 'description': '', '@startTime': '2025-05-27T15:03:48.084754', 'endTime': None, 'status': 'warmUp', 'events': ['8b74b2d748f7110fcfaf02217dd927511cb1569de9d1b01c13232d56138f8ad4']}
2025-05-27 15:03:49,181 - INFO - Created signal (ID: YUZFEpcBHJrAe-gIaWk9) with warmUp=30s: {'signal_id': '0c4b3ac2', 'device': None, 'rule': 'InterfaceLinkDown', 'snmpTrapOid': 'IF-MIB::linkDown', 'affectedEntities': {'Interface': 'GigabitEthernet4'}, 'severity': 'medium', 'description': '', '@startTime': '2025-05-27T15:03:48.084754', 'endTime': None, 'status': 'warmUp', 'events': ['8b74b2d748f7110fcfaf02217dd927511cb1569de9d1b01c13232d56138f8ad4']}
2025-05-27 15:05:12,925 - INFO - Received rule: InterfaceLinkDown
2025-05-27 15:05:12,925 - INFO - Matched rule: {'id': 1, 'name': 'InterfaceLinkDown', 'opensignaltrap': 'IF-MIB::linkDown', 'closesignaltrap': 'IF-MIB::linkUp', 'opensignaltag': '', 'opensignalvalue': '', 'closesignaltag': '', 'closesignalvalue': '', 'initialseverity': 'medium', 'affectedentity': ['Interface'], 'description': '', 'warmup': 30, 'cooldown': 30, 'device_hostnames': []}
2025-05-27 15:05:12,925 - INFO - Trap data: {'device': '192.168.1.212', 'DISMAN-EXPRESSION-MIB::sysUpTimeInstance': '6:04:48.74', 'SNMPv2-MIB::snmpTrapOID.0': 'IF-MIB::linkUp', 'content': {'IF-MIB::ifIndex.4': '4', 'IF-MIB::ifDescr.4': 'GigabitEthernet4', 'IF-MIB::ifType.4': 'ethernetCsmacd(6)'}, '@timestamp': '2025-05-27T15:05:12.905532', 'trap_id': '8560c01737237d0bd170ba0235fb7c930b4db9d2f67d544abf3965b05b3fe0e8', 'Interface': 'GigabitEthernet4', 'rule': 'InterfaceLinkDown'}
2025-05-27 15:05:12,925 - INFO - Trap SNMP Trap OID: IF-MIB::linkUp, Open Signal value: IF-MIB::linkDown: None
2025-05-27 15:05:12,925 - INFO - Trap SNMP Trap OID: IF-MIB::linkUp, Close Signal value: IF-MIB::linkUp: None
2025-05-27 15:05:12,925 - INFO - Trap elligible for closing signal: None
2025-05-27 15:05:12,932 - ERROR - OpenSearch error (find related): 400 - {"error":{"root_cause":[{"type":"parsing_exception","reason":"[term] query does not support [id]","line":1,"col":63}],"type":"x_content_parse_exception","reason":"[1:63] [bool] failed to parse field [must]","caused_by":{"type":"parsing_exception","reason":"[term] query does not support [id]","line":1,"col":63}},"status":400}
2025-05-27 15:05:12,932 - INFO - Related signal ID: None, Related signal: None, Rule: {'id': 1, 'name': 'InterfaceLinkDown', 'opensignaltrap': 'IF-MIB::linkDown', 'closesignaltrap': 'IF-MIB::linkUp', 'opensignaltag': '', 'opensignalvalue': '', 'closesignaltag': '', 'closesignalvalue': '', 'initialseverity': 'medium', 'affectedentity': ['Interface'], 'description': '', 'warmup': 30, 'cooldown': 30, 'device_hostnames': []}, affected entities: {'Interface': 'GigabitEthernet4'}
2025-05-27 15:05:12,932 - ERROR - No related signal found to close.
2025-05-27 15:10:13,464 - INFO - Received rule: InterfaceLinkDown
2025-05-27 15:10:13,464 - INFO - Matched rule: {'id': 1, 'name': 'InterfaceLinkDown', 'opensignaltrap': 'IF-MIB::linkDown', 'closesignaltrap': 'IF-MIB::linkUp', 'opensignaltag': '', 'opensignalvalue': '', 'closesignaltag': '', 'closesignalvalue': '', 'initialseverity': 'medium', 'affectedentity': ['Interface'], 'description': '', 'warmup': 30, 'cooldown': 30, 'device_hostnames': []}
2025-05-27 15:10:13,464 - INFO - Trap data: {'device': '192.168.1.212', 'DISMAN-EXPRESSION-MIB::sysUpTimeInstance': '6:09:48.86', 'SNMPv2-MIB::snmpTrapOID.0': 'IF-MIB::linkUp', 'content': {'IF-MIB::ifIndex.2': '2', 'IF-MIB::ifDescr.2': 'GigabitEthernet2', 'IF-MIB::ifType.2': 'ethernetCsmacd(6)'}, '@timestamp': '2025-05-27T15:10:13.331639', 'trap_id': '8560c01737237d0bd170ba0235fb7c930b4db9d2f67d544abf3965b05b3fe0e8', 'Interface': 'GigabitEthernet2', 'rule': 'InterfaceLinkDown'}
2025-05-27 15:10:13,464 - INFO - Trap SNMP Trap OID: IF-MIB::linkUp, Open Signal value: IF-MIB::linkDown: None
2025-05-27 15:10:13,464 - INFO - Trap SNMP Trap OID: IF-MIB::linkUp, Close Signal value: IF-MIB::linkUp: None
2025-05-27 15:10:13,464 - INFO - Trap elligible for closing signal: None
2025-05-27 15:10:13,568 - ERROR - OpenSearch error (find related): 400 - {"error":{"root_cause":[{"type":"parsing_exception","reason":"[term] query does not support [id]","line":1,"col":63}],"type":"x_content_parse_exception","reason":"[1:63] [bool] failed to parse field [must]","caused_by":{"type":"parsing_exception","reason":"[term] query does not support [id]","line":1,"col":63}},"status":400}
2025-05-27 15:10:13,569 - INFO - Related signal ID: None, Related signal: None, Rule: {'id': 1, 'name': 'InterfaceLinkDown', 'opensignaltrap': 'IF-MIB::linkDown', 'closesignaltrap': 'IF-MIB::linkUp', 'opensignaltag': '', 'opensignalvalue': '', 'closesignaltag': '', 'closesignalvalue': '', 'initialseverity': 'medium', 'affectedentity': ['Interface'], 'description': '', 'warmup': 30, 'cooldown': 30, 'device_hostnames': []}, affected entities: {'Interface': 'GigabitEthernet2'}
2025-05-27 15:10:13,569 - ERROR - No related signal found to close.
2025-05-27 15:10:23,154 - INFO - Received rule: InterfaceLinkDown
2025-05-27 15:10:23,155 - INFO - Matched rule: {'id': 1, 'name': 'InterfaceLinkDown', 'opensignaltrap': 'IF-MIB::linkDown', 'closesignaltrap': 'IF-MIB::linkUp', 'opensignaltag': '', 'opensignalvalue': '', 'closesignaltag': '', 'closesignalvalue': '', 'initialseverity': 'medium', 'affectedentity': ['Interface'], 'description': '', 'warmup': 30, 'cooldown': 30, 'device_hostnames': []}
2025-05-27 15:10:23,155 - INFO - Trap data: {'device': '192.168.1.212', 'DISMAN-EXPRESSION-MIB::sysUpTimeInstance': '6:09:58.85', 'SNMPv2-MIB::snmpTrapOID.0': 'IF-MIB::linkUp', 'content': {'IF-MIB::ifIndex.3': '3', 'IF-MIB::ifDescr.3': 'GigabitEthernet3', 'IF-MIB::ifType.3': 'ethernetCsmacd(6)'}, '@timestamp': '2025-05-27T15:10:23.028595', 'trap_id': '8560c01737237d0bd170ba0235fb7c930b4db9d2f67d544abf3965b05b3fe0e8', 'Interface': 'GigabitEthernet3', 'rule': 'InterfaceLinkDown'}
2025-05-27 15:10:23,155 - INFO - Trap SNMP Trap OID: IF-MIB::linkUp, Open Signal value: IF-MIB::linkDown: None
2025-05-27 15:10:23,155 - INFO - Trap SNMP Trap OID: IF-MIB::linkUp, Close Signal value: IF-MIB::linkUp: None
2025-05-27 15:10:23,155 - INFO - Trap elligible for closing signal: None
2025-05-27 15:10:23,201 - ERROR - OpenSearch error (find related): 400 - {"error":{"root_cause":[{"type":"parsing_exception","reason":"[term] query does not support [id]","line":1,"col":63}],"type":"x_content_parse_exception","reason":"[1:63] [bool] failed to parse field [must]","caused_by":{"type":"parsing_exception","reason":"[term] query does not support [id]","line":1,"col":63}},"status":400}
2025-05-27 15:10:23,202 - INFO - Related signal ID: None, Related signal: None, Rule: {'id': 1, 'name': 'InterfaceLinkDown', 'opensignaltrap': 'IF-MIB::linkDown', 'closesignaltrap': 'IF-MIB::linkUp', 'opensignaltag': '', 'opensignalvalue': '', 'closesignaltag': '', 'closesignalvalue': '', 'initialseverity': 'medium', 'affectedentity': ['Interface'], 'description': '', 'warmup': 30, 'cooldown': 30, 'device_hostnames': []}, affected entities: {'Interface': 'GigabitEthernet3'}
2025-05-27 15:10:23,202 - ERROR - No related signal found to close.
2025-05-27 15:11:09,209 - INFO - Shutting down signal consumer...
2025-05-27 15:11:09,325 - INFO - Signal consumer closed.
2025-05-27 15:11:09,325 - INFO - Trap Signals Consumer started.
2025-05-27 15:11:11,988 - INFO - Trap Signals Consumer started.
2025-05-27 15:11:11,989 - INFO - Loaded 1 stateful rules.
2025-05-27 15:11:11,992 - INFO - Subscribed to topic: trap-signals
2025-05-27 15:12:02,468 - INFO - Received rule: InterfaceLinkDown
2025-05-27 15:12:02,468 - INFO - Matched rule: {'id': 1, 'name': 'InterfaceLinkDown', 'opensignaltrap': 'IF-MIB::linkDown', 'closesignaltrap': 'IF-MIB::linkUp', 'opensignaltag': '', 'opensignalvalue': '', 'closesignaltag': '', 'closesignalvalue': '', 'initialseverity': 'medium', 'affectedentity': ['Interface'], 'description': '', 'warmup': 30, 'cooldown': 30, 'device_hostnames': []}
2025-05-27 15:12:02,468 - INFO - Trap data: {'device': '192.168.1.212', 'DISMAN-EXPRESSION-MIB::sysUpTimeInstance': '6:11:38.20', 'SNMPv2-MIB::snmpTrapOID.0': 'IF-MIB::linkDown', 'content': {'IF-MIB::ifIndex.2': '2', 'IF-MIB::ifDescr.2': 'GigabitEthernet2', 'IF-MIB::ifType.2': 'ethernetCsmacd(6)', 'CISCO-SMI::local.2.1.1.20.2': 'administratively down'}, '@timestamp': '2025-05-27T15:12:02.386374', 'trap_id': '8b74b2d748f7110fcfaf02217dd927511cb1569de9d1b01c13232d56138f8ad4', 'Interface': 'GigabitEthernet2', 'rule': 'InterfaceLinkDown'}
2025-05-27 15:12:02,468 - INFO - Trap SNMP Trap OID: IF-MIB::linkDown, Open Signal value: IF-MIB::linkDown: None
2025-05-27 15:12:02,468 - INFO - Trap SNMP Trap OID: IF-MIB::linkDown, Close Signal value: IF-MIB::linkUp: None
2025-05-27 15:12:02,468 - INFO - Trap eligible for opening signal: None
2025-05-27 15:12:02,514 - ERROR - OpenSearch error (find related): 400 - {"error":{"root_cause":[{"type":"x_content_parse_exception","reason":"[1:111] [bool] failed to parse field [must]"}],"type":"x_content_parse_exception","reason":"[1:111] [bool] failed to parse field [must]","caused_by":{"type":"illegal_argument_exception","reason":"field name is null or empty"}},"status":400}
2025-05-27 15:12:02,515 - INFO - Related signal ID: None, Related signal: None, Rule: {'id': 1, 'name': 'InterfaceLinkDown', 'opensignaltrap': 'IF-MIB::linkDown', 'closesignaltrap': 'IF-MIB::linkUp', 'opensignaltag': '', 'opensignalvalue': '', 'closesignaltag': '', 'closesignalvalue': '', 'initialseverity': 'medium', 'affectedentity': ['Interface'], 'description': '', 'warmup': 30, 'cooldown': 30, 'device_hostnames': []}, affected entities: {'Interface': 'GigabitEthernet2'}
2025-05-27 15:12:02,515 - INFO - Creating new signal (no related or closed).
2025-05-27 15:12:02,538 - INFO - Signal saved to OpenSearch: {'signal_id': 'b98cf5f9', 'device': None, 'rule': 'InterfaceLinkDown', 'snmpTrapOid': 'IF-MIB::linkDown', 'affectedEntities': {'Interface': 'GigabitEthernet2'}, 'severity': 'medium', 'description': '', '@startTime': '2025-05-27T15:12:02.386374', 'endTime': None, 'status': 'warmUp', 'events': ['8b74b2d748f7110fcfaf02217dd927511cb1569de9d1b01c13232d56138f8ad4']}
2025-05-27 15:12:02,730 - INFO - Created signal (ID: iEZMEpcBHJrAe-gI82na) with warmUp=30s: {'signal_id': 'b98cf5f9', 'device': None, 'rule': 'InterfaceLinkDown', 'snmpTrapOid': 'IF-MIB::linkDown', 'affectedEntities': {'Interface': 'GigabitEthernet2'}, 'severity': 'medium', 'description': '', '@startTime': '2025-05-27T15:12:02.386374', 'endTime': None, 'status': 'warmUp', 'events': ['8b74b2d748f7110fcfaf02217dd927511cb1569de9d1b01c13232d56138f8ad4']}
2025-05-27 15:12:11,355 - INFO - Received rule: InterfaceLinkDown
2025-05-27 15:12:11,356 - INFO - Matched rule: {'id': 1, 'name': 'InterfaceLinkDown', 'opensignaltrap': 'IF-MIB::linkDown', 'closesignaltrap': 'IF-MIB::linkUp', 'opensignaltag': '', 'opensignalvalue': '', 'closesignaltag': '', 'closesignalvalue': '', 'initialseverity': 'medium', 'affectedentity': ['Interface'], 'description': '', 'warmup': 30, 'cooldown': 30, 'device_hostnames': []}
2025-05-27 15:12:11,356 - INFO - Trap data: {'device': '192.168.1.212', 'DISMAN-EXPRESSION-MIB::sysUpTimeInstance': '6:11:47.10', 'SNMPv2-MIB::snmpTrapOID.0': 'IF-MIB::linkDown', 'content': {'IF-MIB::ifIndex.3': '3', 'IF-MIB::ifDescr.3': 'GigabitEthernet3', 'IF-MIB::ifType.3': 'ethernetCsmacd(6)', 'CISCO-SMI::local.2.1.1.20.3': 'administratively down'}, '@timestamp': '2025-05-27T15:12:11.279003', 'trap_id': '8b74b2d748f7110fcfaf02217dd927511cb1569de9d1b01c13232d56138f8ad4', 'Interface': 'GigabitEthernet3', 'rule': 'InterfaceLinkDown'}
2025-05-27 15:12:11,356 - INFO - Trap SNMP Trap OID: IF-MIB::linkDown, Open Signal value: IF-MIB::linkDown: None
2025-05-27 15:12:11,357 - INFO - Trap SNMP Trap OID: IF-MIB::linkDown, Close Signal value: IF-MIB::linkUp: None
2025-05-27 15:12:11,357 - INFO - Trap eligible for opening signal: None
2025-05-27 15:12:11,363 - ERROR - OpenSearch error (find related): 400 - {"error":{"root_cause":[{"type":"x_content_parse_exception","reason":"[1:111] [bool] failed to parse field [must]"}],"type":"x_content_parse_exception","reason":"[1:111] [bool] failed to parse field [must]","caused_by":{"type":"illegal_argument_exception","reason":"field name is null or empty"}},"status":400}
2025-05-27 15:12:11,363 - INFO - Related signal ID: None, Related signal: None, Rule: {'id': 1, 'name': 'InterfaceLinkDown', 'opensignaltrap': 'IF-MIB::linkDown', 'closesignaltrap': 'IF-MIB::linkUp', 'opensignaltag': '', 'opensignalvalue': '', 'closesignaltag': '', 'closesignalvalue': '', 'initialseverity': 'medium', 'affectedentity': ['Interface'], 'description': '', 'warmup': 30, 'cooldown': 30, 'device_hostnames': []}, affected entities: {'Interface': 'GigabitEthernet3'}
2025-05-27 15:12:11,364 - INFO - Creating new signal (no related or closed).
2025-05-27 15:12:11,373 - INFO - Signal saved to OpenSearch: {'signal_id': 'de0ad079', 'device': None, 'rule': 'InterfaceLinkDown', 'snmpTrapOid': 'IF-MIB::linkDown', 'affectedEntities': {'Interface': 'GigabitEthernet3'}, 'severity': 'medium', 'description': '', '@startTime': '2025-05-27T15:12:11.279003', 'endTime': None, 'status': 'warmUp', 'events': ['8b74b2d748f7110fcfaf02217dd927511cb1569de9d1b01c13232d56138f8ad4']}
2025-05-27 15:12:11,378 - INFO - Created signal (ID: jEZNEpcBHJrAe-gIFmln) with warmUp=30s: {'signal_id': 'de0ad079', 'device': None, 'rule': 'InterfaceLinkDown', 'snmpTrapOid': 'IF-MIB::linkDown', 'affectedEntities': {'Interface': 'GigabitEthernet3'}, 'severity': 'medium', 'description': '', '@startTime': '2025-05-27T15:12:11.279003', 'endTime': None, 'status': 'warmUp', 'events': ['8b74b2d748f7110fcfaf02217dd927511cb1569de9d1b01c13232d56138f8ad4']}
2025-05-27 15:12:53,028 - INFO - Received rule: InterfaceLinkDown
2025-05-27 15:12:53,028 - INFO - Matched rule: {'id': 1, 'name': 'InterfaceLinkDown', 'opensignaltrap': 'IF-MIB::linkDown', 'closesignaltrap': 'IF-MIB::linkUp', 'opensignaltag': '', 'opensignalvalue': '', 'closesignaltag': '', 'closesignalvalue': '', 'initialseverity': 'medium', 'affectedentity': ['Interface'], 'description': '', 'warmup': 30, 'cooldown': 30, 'device_hostnames': []}
2025-05-27 15:12:53,028 - INFO - Trap data: {'device': '192.168.1.212', 'DISMAN-EXPRESSION-MIB::sysUpTimeInstance': '6:12:28.83', 'SNMPv2-MIB::snmpTrapOID.0': 'IF-MIB::linkUp', 'content': {'IF-MIB::ifIndex.2': '2', 'IF-MIB::ifDescr.2': 'GigabitEthernet2', 'IF-MIB::ifType.2': 'ethernetCsmacd(6)'}, '@timestamp': '2025-05-27T15:12:53.012888', 'trap_id': '8560c01737237d0bd170ba0235fb7c930b4db9d2f67d544abf3965b05b3fe0e8', 'Interface': 'GigabitEthernet2', 'rule': 'InterfaceLinkDown'}
2025-05-27 15:12:53,028 - INFO - Trap SNMP Trap OID: IF-MIB::linkUp, Open Signal value: IF-MIB::linkDown: None
2025-05-27 15:12:53,028 - INFO - Trap SNMP Trap OID: IF-MIB::linkUp, Close Signal value: IF-MIB::linkUp: None
2025-05-27 15:12:53,029 - INFO - Trap elligible for closing signal: None
2025-05-27 15:12:53,034 - ERROR - OpenSearch error (find related): 400 - {"error":{"root_cause":[{"type":"parsing_exception","reason":"[term] query does not support [id]","line":1,"col":63}],"type":"x_content_parse_exception","reason":"[1:63] [bool] failed to parse field [must]","caused_by":{"type":"parsing_exception","reason":"[term] query does not support [id]","line":1,"col":63}},"status":400}
2025-05-27 15:12:53,035 - INFO - Related signal ID: None, Related signal: None, Rule: {'id': 1, 'name': 'InterfaceLinkDown', 'opensignaltrap': 'IF-MIB::linkDown', 'closesignaltrap': 'IF-MIB::linkUp', 'opensignaltag': '', 'opensignalvalue': '', 'closesignaltag': '', 'closesignalvalue': '', 'initialseverity': 'medium', 'affectedentity': ['Interface'], 'description': '', 'warmup': 30, 'cooldown': 30, 'device_hostnames': []}, affected entities: {'Interface': 'GigabitEthernet2'}
2025-05-27 15:12:53,035 - ERROR - No related signal found to close.
2025-05-27 15:13:25,043 - INFO - Shutting down signal consumer...
2025-05-27 15:13:25,050 - INFO - Signal consumer closed.
2025-05-27 15:13:25,051 - INFO - Trap Signals Consumer started.
2025-05-27 15:15:34,570 - INFO - Trap Signals Consumer started.
2025-05-27 15:15:34,596 - INFO - Loaded 1 stateful rules.
2025-05-27 15:15:34,600 - INFO - Subscribed to topic: trap-signals
2025-05-27 15:15:59,549 - INFO - Received rule: InterfaceLinkDown
2025-05-27 15:15:59,549 - INFO - Matched rule: {'id': 1, 'name': 'InterfaceLinkDown', 'opensignaltrap': 'IF-MIB::linkDown', 'closesignaltrap': 'IF-MIB::linkUp', 'opensignaltag': '', 'opensignalvalue': '', 'closesignaltag': '', 'closesignalvalue': '', 'initialseverity': 'medium', 'affectedentity': ['Interface'], 'description': '', 'warmup': 30, 'cooldown': 30, 'device_hostnames': []}
2025-05-27 15:15:59,549 - INFO - Trap data: {'device': '192.168.1.212', 'DISMAN-EXPRESSION-MIB::sysUpTimeInstance': '6:15:35.33', 'SNMPv2-MIB::snmpTrapOID.0': 'IF-MIB::linkDown', 'content': {'IF-MIB::ifIndex.2': '2', 'IF-MIB::ifDescr.2': 'GigabitEthernet2', 'IF-MIB::ifType.2': 'ethernetCsmacd(6)', 'CISCO-SMI::local.2.1.1.20.2': 'administratively down'}, '@timestamp': '2025-05-27T15:15:59.533518', 'trap_id': '8b74b2d748f7110fcfaf02217dd927511cb1569de9d1b01c13232d56138f8ad4', 'Interface': 'GigabitEthernet2', 'rule': 'InterfaceLinkDown'}
2025-05-27 15:15:59,549 - INFO - Trap SNMP Trap OID: IF-MIB::linkDown, Open Signal value: IF-MIB::linkDown: None
2025-05-27 15:15:59,549 - INFO - Trap SNMP Trap OID: IF-MIB::linkDown, Close Signal value: IF-MIB::linkUp: None
2025-05-27 15:15:59,549 - INFO - Trap eligible for opening signal: None
2025-05-27 15:15:59,562 - INFO - Related signal ID: None, Related signal: None, Rule: {'id': 1, 'name': 'InterfaceLinkDown', 'opensignaltrap': 'IF-MIB::linkDown', 'closesignaltrap': 'IF-MIB::linkUp', 'opensignaltag': '', 'opensignalvalue': '', 'closesignaltag': '', 'closesignalvalue': '', 'initialseverity': 'medium', 'affectedentity': ['Interface'], 'description': '', 'warmup': 30, 'cooldown': 30, 'device_hostnames': []}, affected entities: {'Interface': 'GigabitEthernet2'}
2025-05-27 15:15:59,562 - INFO - Creating new signal (no related or closed).
2025-05-27 15:15:59,641 - INFO - Signal saved to OpenSearch: {'signal_id': 'f0097de3', 'device': '192.168.1.212', 'rule': 'InterfaceLinkDown', 'snmpTrapOid': 'IF-MIB::linkDown', 'affectedEntities': {'Interface': 'GigabitEthernet2'}, 'severity': 'medium', 'description': '', '@startTime': '2025-05-27T15:15:59.533518', 'endTime': None, 'status': 'warmUp', 'events': ['8b74b2d748f7110fcfaf02217dd927511cb1569de9d1b01c13232d56138f8ad4']}
2025-05-27 15:15:59,831 - INFO - Created signal (ID: nEZQEpcBHJrAe-gIkWnO) with warmUp=30s: {'signal_id': 'f0097de3', 'device': '192.168.1.212', 'rule': 'InterfaceLinkDown', 'snmpTrapOid': 'IF-MIB::linkDown', 'affectedEntities': {'Interface': 'GigabitEthernet2'}, 'severity': 'medium', 'description': '', '@startTime': '2025-05-27T15:15:59.533518', 'endTime': None, 'status': 'warmUp', 'events': ['8b74b2d748f7110fcfaf02217dd927511cb1569de9d1b01c13232d56138f8ad4']}
2025-05-27 15:16:13,075 - INFO - Received rule: InterfaceLinkDown
2025-05-27 15:16:13,075 - INFO - Matched rule: {'id': 1, 'name': 'InterfaceLinkDown', 'opensignaltrap': 'IF-MIB::linkDown', 'closesignaltrap': 'IF-MIB::linkUp', 'opensignaltag': '', 'opensignalvalue': '', 'closesignaltag': '', 'closesignalvalue': '', 'initialseverity': 'medium', 'affectedentity': ['Interface'], 'description': '', 'warmup': 30, 'cooldown': 30, 'device_hostnames': []}
2025-05-27 15:16:13,075 - INFO - Trap data: {'device': '192.168.1.212', 'DISMAN-EXPRESSION-MIB::sysUpTimeInstance': '6:15:48.86', 'SNMPv2-MIB::snmpTrapOID.0': 'IF-MIB::linkUp', 'content': {'IF-MIB::ifIndex.3': '3', 'IF-MIB::ifDescr.3': 'GigabitEthernet3', 'IF-MIB::ifType.3': 'ethernetCsmacd(6)'}, '@timestamp': '2025-05-27T15:16:13.059549', 'trap_id': '8560c01737237d0bd170ba0235fb7c930b4db9d2f67d544abf3965b05b3fe0e8', 'Interface': 'GigabitEthernet3', 'rule': 'InterfaceLinkDown'}
2025-05-27 15:16:13,075 - INFO - Trap SNMP Trap OID: IF-MIB::linkUp, Open Signal value: IF-MIB::linkDown: None
2025-05-27 15:16:13,075 - INFO - Trap SNMP Trap OID: IF-MIB::linkUp, Close Signal value: IF-MIB::linkUp: None
2025-05-27 15:16:13,076 - INFO - Trap elligible for closing signal: None
2025-05-27 15:16:13,082 - ERROR - OpenSearch error (find related): 400 - {"error":{"root_cause":[{"type":"parsing_exception","reason":"[term] query does not support [id]","line":1,"col":63}],"type":"x_content_parse_exception","reason":"[1:63] [bool] failed to parse field [must]","caused_by":{"type":"parsing_exception","reason":"[term] query does not support [id]","line":1,"col":63}},"status":400}
2025-05-27 15:16:13,082 - INFO - Related signal ID: None, Related signal: None, Rule: {'id': 1, 'name': 'InterfaceLinkDown', 'opensignaltrap': 'IF-MIB::linkDown', 'closesignaltrap': 'IF-MIB::linkUp', 'opensignaltag': '', 'opensignalvalue': '', 'closesignaltag': '', 'closesignalvalue': '', 'initialseverity': 'medium', 'affectedentity': ['Interface'], 'description': '', 'warmup': 30, 'cooldown': 30, 'device_hostnames': []}, affected entities: {'Interface': 'GigabitEthernet3'}
2025-05-27 15:16:13,082 - ERROR - No related signal found to close.
2025-05-27 15:47:58,413 - INFO - Shutting down signal consumer...
2025-05-27 15:47:58,419 - INFO - Signal consumer closed.
2025-05-27 15:47:58,419 - INFO - Trap Signals Consumer started.
2025-05-27 15:52:48,453 - INFO - Trap Signals Consumer started.
2025-05-27 15:52:48,478 - INFO - Loaded 1 stateful rules.
2025-05-27 15:52:48,482 - INFO - Subscribed to topic: trap-signals
2025-05-27 15:53:24,872 - INFO - Received rule: InterfaceLinkDown
2025-05-27 15:53:24,872 - INFO - Matched rule: {'id': 1, 'name': 'InterfaceLinkDown', 'opensignaltrap': 'IF-MIB::linkDown', 'closesignaltrap': 'IF-MIB::linkUp', 'opensignaltag': '', 'opensignalvalue': '', 'closesignaltag': '', 'closesignalvalue': '', 'initialseverity': 'medium', 'affectedentity': ['Interface'], 'description': '', 'warmup': 30, 'cooldown': 30, 'device_hostnames': []}
2025-05-27 15:53:24,872 - INFO - Trap data: {'device': '192.168.1.212', 'DISMAN-EXPRESSION-MIB::sysUpTimeInstance': '6:53:00.55', 'SNMPv2-MIB::snmpTrapOID.0': 'IF-MIB::linkUp', 'content': {'IF-MIB::ifIndex.2': '2', 'IF-MIB::ifDescr.2': 'GigabitEthernet2', 'IF-MIB::ifType.2': 'ethernetCsmacd(6)'}, '@timestamp': '2025-05-27T15:53:24.859019', 'trap_id': '8560c01737237d0bd170ba0235fb7c930b4db9d2f67d544abf3965b05b3fe0e8', 'Interface': 'GigabitEthernet2', 'rule': 'InterfaceLinkDown'}
2025-05-27 15:53:24,872 - INFO - Trap SNMP Trap OID: IF-MIB::linkUp, Open Signal value: IF-MIB::linkDown: None
2025-05-27 15:53:24,873 - INFO - Trap SNMP Trap OID: IF-MIB::linkUp, Close Signal value: IF-MIB::linkUp: None
2025-05-27 15:53:24,873 - INFO - Trap elligible for closing signal: None
2025-05-27 15:53:24,881 - ERROR - OpenSearch error (find related): 400 - {"error":{"root_cause":[{"type":"parsing_exception","reason":"[term] query does not support [id]","line":1,"col":63}],"type":"x_content_parse_exception","reason":"[1:63] [bool] failed to parse field [must]","caused_by":{"type":"parsing_exception","reason":"[term] query does not support [id]","line":1,"col":63}},"status":400}
2025-05-27 15:53:24,881 - INFO - Related signal ID: None, Related signal: None, Rule: {'id': 1, 'name': 'InterfaceLinkDown', 'opensignaltrap': 'IF-MIB::linkDown', 'closesignaltrap': 'IF-MIB::linkUp', 'opensignaltag': '', 'opensignalvalue': '', 'closesignaltag': '', 'closesignalvalue': '', 'initialseverity': 'medium', 'affectedentity': ['Interface'], 'description': '', 'warmup': 30, 'cooldown': 30, 'device_hostnames': []}, affected entities: {'Interface': 'GigabitEthernet2'}
2025-05-27 15:53:24,882 - ERROR - No related signal found to close.
2025-05-27 15:53:25,380 - INFO - Received rule: InterfaceLinkDown
2025-05-27 15:53:25,380 - INFO - Matched rule: {'id': 1, 'name': 'InterfaceLinkDown', 'opensignaltrap': 'IF-MIB::linkDown', 'closesignaltrap': 'IF-MIB::linkUp', 'opensignaltag': '', 'opensignalvalue': '', 'closesignaltag': '', 'closesignalvalue': '', 'initialseverity': 'medium', 'affectedentity': ['Interface'], 'description': '', 'warmup': 30, 'cooldown': 30, 'device_hostnames': []}
2025-05-27 15:53:25,380 - INFO - Trap data: {'device': '192.168.1.212', 'DISMAN-EXPRESSION-MIB::sysUpTimeInstance': '6:53:01.04', 'SNMPv2-MIB::snmpTrapOID.0': 'IF-MIB::linkDown', 'content': {'IF-MIB::ifIndex.3': '3', 'IF-MIB::ifDescr.3': 'GigabitEthernet3', 'IF-MIB::ifType.3': 'ethernetCsmacd(6)', 'CISCO-SMI::local.2.1.1.20.3': 'Lost Carrier'}, '@timestamp': '2025-05-27T15:53:25.366808', 'trap_id': '8b74b2d748f7110fcfaf02217dd927511cb1569de9d1b01c13232d56138f8ad4', 'Interface': 'GigabitEthernet3', 'rule': 'InterfaceLinkDown'}
2025-05-27 15:53:25,380 - INFO - Trap SNMP Trap OID: IF-MIB::linkDown, Open Signal value: IF-MIB::linkDown: None
2025-05-27 15:53:25,380 - INFO - Trap SNMP Trap OID: IF-MIB::linkDown, Close Signal value: IF-MIB::linkUp: None
2025-05-27 15:53:25,380 - INFO - Trap eligible for opening signal: None: 1.InterfaceLinkDown, 2.192.168.1.212, 3.{'Interface': 'GigabitEthernet3'}
2025-05-27 15:53:25,391 - INFO - Related signal ID: None, Related signal: None, Rule: {'id': 1, 'name': 'InterfaceLinkDown', 'opensignaltrap': 'IF-MIB::linkDown', 'closesignaltrap': 'IF-MIB::linkUp', 'opensignaltag': '', 'opensignalvalue': '', 'closesignaltag': '', 'closesignalvalue': '', 'initialseverity': 'medium', 'affectedentity': ['Interface'], 'description': '', 'warmup': 30, 'cooldown': 30, 'device_hostnames': []}, affected entities: {'Interface': 'GigabitEthernet3'}
2025-05-27 15:53:25,391 - INFO - Creating new signal (no related or closed).
2025-05-27 15:53:25,401 - INFO - Signal saved to OpenSearch: {'signal_id': '8b715bd7', 'device': '192.168.1.212', 'rule': 'InterfaceLinkDown', 'snmpTrapOid': 'IF-MIB::linkDown', 'affectedEntities': {'Interface': 'GigabitEthernet3'}, 'severity': 'medium', 'description': '', '@startTime': '2025-05-27T15:53:25.366808', 'endTime': None, 'status': 'warmUp', 'events': ['8b74b2d748f7110fcfaf02217dd927511cb1569de9d1b01c13232d56138f8ad4']}
2025-05-27 15:53:25,584 - INFO - Created signal (ID: _EZyEpcBHJrAe-gI1mmS) with warmUp=30s: {'signal_id': '8b715bd7', 'device': '192.168.1.212', 'rule': 'InterfaceLinkDown', 'snmpTrapOid': 'IF-MIB::linkDown', 'affectedEntities': {'Interface': 'GigabitEthernet3'}, 'severity': 'medium', 'description': '', '@startTime': '2025-05-27T15:53:25.366808', 'endTime': None, 'status': 'warmUp', 'events': ['8b74b2d748f7110fcfaf02217dd927511cb1569de9d1b01c13232d56138f8ad4']}
2025-05-27 15:53:29,096 - INFO - Received rule: InterfaceLinkDown
2025-05-27 15:53:29,096 - INFO - Matched rule: {'id': 1, 'name': 'InterfaceLinkDown', 'opensignaltrap': 'IF-MIB::linkDown', 'closesignaltrap': 'IF-MIB::linkUp', 'opensignaltag': '', 'opensignalvalue': '', 'closesignaltag': '', 'closesignalvalue': '', 'initialseverity': 'medium', 'affectedentity': ['Interface'], 'description': '', 'warmup': 30, 'cooldown': 30, 'device_hostnames': []}
2025-05-27 15:53:29,096 - INFO - Trap data: {'device': '192.168.1.212', 'DISMAN-EXPRESSION-MIB::sysUpTimeInstance': '6:53:04.77', 'SNMPv2-MIB::snmpTrapOID.0': 'IF-MIB::linkDown', 'content': {'IF-MIB::ifIndex.4': '4', 'IF-MIB::ifDescr.4': 'GigabitEthernet4', 'IF-MIB::ifType.4': 'ethernetCsmacd(6)', 'CISCO-SMI::local.2.1.1.20.4': 'administratively down'}, '@timestamp': '2025-05-27T15:53:29.079703', 'trap_id': '8b74b2d748f7110fcfaf02217dd927511cb1569de9d1b01c13232d56138f8ad4', 'Interface': 'GigabitEthernet4', 'rule': 'InterfaceLinkDown'}
2025-05-27 15:53:29,096 - INFO - Trap SNMP Trap OID: IF-MIB::linkDown, Open Signal value: IF-MIB::linkDown: None
2025-05-27 15:53:29,096 - INFO - Trap SNMP Trap OID: IF-MIB::linkDown, Close Signal value: IF-MIB::linkUp: None
2025-05-27 15:53:29,096 - INFO - Trap eligible for opening signal: None: 1.InterfaceLinkDown, 2.192.168.1.212, 3.{'Interface': 'GigabitEthernet4'}
2025-05-27 15:53:29,106 - INFO - Related signal ID: None, Related signal: None, Rule: {'id': 1, 'name': 'InterfaceLinkDown', 'opensignaltrap': 'IF-MIB::linkDown', 'closesignaltrap': 'IF-MIB::linkUp', 'opensignaltag': '', 'opensignalvalue': '', 'closesignaltag': '', 'closesignalvalue': '', 'initialseverity': 'medium', 'affectedentity': ['Interface'], 'description': '', 'warmup': 30, 'cooldown': 30, 'device_hostnames': []}, affected entities: {'Interface': 'GigabitEthernet4'}
2025-05-27 15:53:29,106 - INFO - Creating new signal (no related or closed).
2025-05-27 15:53:29,116 - INFO - Signal saved to OpenSearch: {'signal_id': '186bc13c', 'device': '192.168.1.212', 'rule': 'InterfaceLinkDown', 'snmpTrapOid': 'IF-MIB::linkDown', 'affectedEntities': {'Interface': 'GigabitEthernet4'}, 'severity': 'medium', 'description': '', '@startTime': '2025-05-27T15:53:29.079703', 'endTime': None, 'status': 'warmUp', 'events': ['8b74b2d748f7110fcfaf02217dd927511cb1569de9d1b01c13232d56138f8ad4']}
2025-05-27 15:53:29,118 - INFO - Created signal (ID: AEZyEpcBHJrAe-gI5WoW) with warmUp=30s: {'signal_id': '186bc13c', 'device': '192.168.1.212', 'rule': 'InterfaceLinkDown', 'snmpTrapOid': 'IF-MIB::linkDown', 'affectedEntities': {'Interface': 'GigabitEthernet4'}, 'severity': 'medium', 'description': '', '@startTime': '2025-05-27T15:53:29.079703', 'endTime': None, 'status': 'warmUp', 'events': ['8b74b2d748f7110fcfaf02217dd927511cb1569de9d1b01c13232d56138f8ad4']}
2025-05-27 15:54:00,814 - INFO - Received rule: InterfaceLinkDown
2025-05-27 15:54:00,815 - INFO - Matched rule: {'id': 1, 'name': 'InterfaceLinkDown', 'opensignaltrap': 'IF-MIB::linkDown', 'closesignaltrap': 'IF-MIB::linkUp', 'opensignaltag': '', 'opensignalvalue': '', 'closesignaltag': '', 'closesignalvalue': '', 'initialseverity': 'medium', 'affectedentity': ['Interface'], 'description': '', 'warmup': 30, 'cooldown': 30, 'device_hostnames': []}
2025-05-27 15:54:00,815 - INFO - Trap data: {'device': '192.168.1.212', 'DISMAN-EXPRESSION-MIB::sysUpTimeInstance': '6:53:36.49', 'SNMPv2-MIB::snmpTrapOID.0': 'IF-MIB::linkDown', 'content': {'IF-MIB::ifIndex.2': '2', 'IF-MIB::ifDescr.2': 'GigabitEthernet2', 'IF-MIB::ifType.2': 'ethernetCsmacd(6)', 'CISCO-SMI::local.2.1.1.20.2': 'administratively down'}, '@timestamp': '2025-05-27T15:54:00.801415', 'trap_id': '8b74b2d748f7110fcfaf02217dd927511cb1569de9d1b01c13232d56138f8ad4', 'Interface': 'GigabitEthernet2', 'rule': 'InterfaceLinkDown'}
2025-05-27 15:54:00,815 - INFO - Trap SNMP Trap OID: IF-MIB::linkDown, Open Signal value: IF-MIB::linkDown: None
2025-05-27 15:54:00,815 - INFO - Trap SNMP Trap OID: IF-MIB::linkDown, Close Signal value: IF-MIB::linkUp: None
2025-05-27 15:54:00,815 - INFO - Trap eligible for opening signal: None: 1.InterfaceLinkDown, 2.192.168.1.212, 3.{'Interface': 'GigabitEthernet2'}
2025-05-27 15:54:00,828 - INFO - Related signal ID: nEZQEpcBHJrAe-gIkWnO, Related signal: {'signal_id': 'f0097de3', 'device': '192.168.1.212', 'rule': 'InterfaceLinkDown', 'snmpTrapOid': 'IF-MIB::linkDown', 'affectedEntities': {'Interface': 'GigabitEthernet2'}, 'severity': 'medium', 'description': '', '@startTime': '2025-05-27T15:15:59.533518', 'endTime': None, 'status': 'open', 'events': ['8b74b2d748f7110fcfaf02217dd927511cb1569de9d1b01c13232d56138f8ad4']}, Rule: {'id': 1, 'name': 'InterfaceLinkDown', 'opensignaltrap': 'IF-MIB::linkDown', 'closesignaltrap': 'IF-MIB::linkUp', 'opensignaltag': '', 'opensignalvalue': '', 'closesignaltag': '', 'closesignalvalue': '', 'initialseverity': 'medium', 'affectedentity': ['Interface'], 'description': '', 'warmup': 30, 'cooldown': 30, 'device_hostnames': []}, affected entities: {'Interface': 'GigabitEthernet2'}
2025-05-27 15:54:00,828 - ERROR - Related signal nEZQEpcBHJrAe-gIkWnO is already open.
2025-05-27 15:54:00,829 - ERROR - Related signal: {'signal_id': 'f0097de3', 'device': '192.168.1.212', 'rule': 'InterfaceLinkDown', 'snmpTrapOid': 'IF-MIB::linkDown', 'affectedEntities': {'Interface': 'GigabitEthernet2'}, 'severity': 'medium', 'description': '', '@startTime': '2025-05-27T15:15:59.533518', 'endTime': None, 'status': 'open', 'events': ['8b74b2d748f7110fcfaf02217dd927511cb1569de9d1b01c13232d56138f8ad4']}
2025-05-27 15:54:04,879 - INFO - Received rule: InterfaceLinkDown
2025-05-27 15:54:04,880 - INFO - Matched rule: {'id': 1, 'name': 'InterfaceLinkDown', 'opensignaltrap': 'IF-MIB::linkDown', 'closesignaltrap': 'IF-MIB::linkUp', 'opensignaltag': '', 'opensignalvalue': '', 'closesignaltag': '', 'closesignalvalue': '', 'initialseverity': 'medium', 'affectedentity': ['Interface'], 'description': '', 'warmup': 30, 'cooldown': 30, 'device_hostnames': []}
2025-05-27 15:54:04,880 - INFO - Trap data: {'device': '192.168.1.212', 'DISMAN-EXPRESSION-MIB::sysUpTimeInstance': '6:53:40.55', 'SNMPv2-MIB::snmpTrapOID.0': 'IF-MIB::linkUp', 'content': {'IF-MIB::ifIndex.3': '3', 'IF-MIB::ifDescr.3': 'GigabitEthernet3', 'IF-MIB::ifType.3': 'ethernetCsmacd(6)'}, '@timestamp': '2025-05-27T15:54:04.865424', 'trap_id': '8560c01737237d0bd170ba0235fb7c930b4db9d2f67d544abf3965b05b3fe0e8', 'Interface': 'GigabitEthernet3', 'rule': 'InterfaceLinkDown'}
2025-05-27 15:54:04,880 - INFO - Trap SNMP Trap OID: IF-MIB::linkUp, Open Signal value: IF-MIB::linkDown: None
2025-05-27 15:54:04,880 - INFO - Trap SNMP Trap OID: IF-MIB::linkUp, Close Signal value: IF-MIB::linkUp: None
2025-05-27 15:54:04,880 - INFO - Trap elligible for closing signal: None
2025-05-27 15:54:04,886 - ERROR - OpenSearch error (find related): 400 - {"error":{"root_cause":[{"type":"parsing_exception","reason":"[term] query does not support [id]","line":1,"col":63}],"type":"x_content_parse_exception","reason":"[1:63] [bool] failed to parse field [must]","caused_by":{"type":"parsing_exception","reason":"[term] query does not support [id]","line":1,"col":63}},"status":400}
2025-05-27 15:54:04,887 - INFO - Related signal ID: None, Related signal: None, Rule: {'id': 1, 'name': 'InterfaceLinkDown', 'opensignaltrap': 'IF-MIB::linkDown', 'closesignaltrap': 'IF-MIB::linkUp', 'opensignaltag': '', 'opensignalvalue': '', 'closesignaltag': '', 'closesignalvalue': '', 'initialseverity': 'medium', 'affectedentity': ['Interface'], 'description': '', 'warmup': 30, 'cooldown': 30, 'device_hostnames': []}, affected entities: {'Interface': 'GigabitEthernet3'}
2025-05-27 15:54:04,887 - ERROR - No related signal found to close.
2025-05-27 16:00:02,085 - INFO - Received rule: InterfaceLinkDown
2025-05-27 16:00:02,085 - INFO - Matched rule: {'id': 1, 'name': 'InterfaceLinkDown', 'opensignaltrap': 'IF-MIB::linkDown', 'closesignaltrap': 'IF-MIB::linkUp', 'opensignaltag': '', 'opensignalvalue': '', 'closesignaltag': '', 'closesignalvalue': '', 'initialseverity': 'medium', 'affectedentity': ['Interface'], 'description': '', 'warmup': 30, 'cooldown': 30, 'device_hostnames': []}
2025-05-27 16:00:02,086 - INFO - Trap data: {'device': '192.168.1.212', 'DISMAN-EXPRESSION-MIB::sysUpTimeInstance': '6:59:37.69', 'SNMPv2-MIB::snmpTrapOID.0': 'IF-MIB::linkDown', 'content': {'IF-MIB::ifIndex.3': '3', 'IF-MIB::ifDescr.3': 'GigabitEthernet3', 'IF-MIB::ifType.3': 'ethernetCsmacd(6)', 'CISCO-SMI::local.2.1.1.20.3': 'administratively down'}, '@timestamp': '2025-05-27T16:00:02.069747', 'trap_id': '8b74b2d748f7110fcfaf02217dd927511cb1569de9d1b01c13232d56138f8ad4', 'Interface': 'GigabitEthernet3', 'rule': 'InterfaceLinkDown'}
2025-05-27 16:00:02,086 - INFO - Trap SNMP Trap OID: IF-MIB::linkDown, Open Signal value: IF-MIB::linkDown: None
2025-05-27 16:00:02,086 - INFO - Trap SNMP Trap OID: IF-MIB::linkDown, Close Signal value: IF-MIB::linkUp: None
2025-05-27 16:00:02,086 - INFO - Trap eligible for opening signal: None: 1.InterfaceLinkDown, 2.192.168.1.212, 3.{'Interface': 'GigabitEthernet3'}
2025-05-27 16:00:02,095 - INFO - Related signal ID: None, Related signal: None, Rule: {'id': 1, 'name': 'InterfaceLinkDown', 'opensignaltrap': 'IF-MIB::linkDown', 'closesignaltrap': 'IF-MIB::linkUp', 'opensignaltag': '', 'opensignalvalue': '', 'closesignaltag': '', 'closesignalvalue': '', 'initialseverity': 'medium', 'affectedentity': ['Interface'], 'description': '', 'warmup': 30, 'cooldown': 30, 'device_hostnames': []}, affected entities: {'Interface': 'GigabitEthernet3'}
2025-05-27 16:00:02,095 - INFO - Creating new signal (no related or closed).
2025-05-27 16:00:02,104 - INFO - Signal saved to OpenSearch: {'signal_id': 'a3edbf06', 'device': '192.168.1.212', 'rule': 'InterfaceLinkDown', 'snmpTrapOid': 'IF-MIB::linkDown', 'affectedEntities': {'Interface': 'GigabitEthernet3'}, 'severity': 'medium', 'description': '', '@startTime': '2025-05-27T16:00:02.069747', 'endTime': None, 'status': 'warmUp', 'events': ['8b74b2d748f7110fcfaf02217dd927511cb1569de9d1b01c13232d56138f8ad4']}
2025-05-27 16:00:02,107 - INFO - Created signal (ID: IEZ4EpcBHJrAe-gI5Goy) with warmUp=30s: {'signal_id': 'a3edbf06', 'device': '192.168.1.212', 'rule': 'InterfaceLinkDown', 'snmpTrapOid': 'IF-MIB::linkDown', 'affectedEntities': {'Interface': 'GigabitEthernet3'}, 'severity': 'medium', 'description': '', '@startTime': '2025-05-27T16:00:02.069747', 'endTime': None, 'status': 'warmUp', 'events': ['8b74b2d748f7110fcfaf02217dd927511cb1569de9d1b01c13232d56138f8ad4']}
2025-05-27 16:00:04,939 - INFO - Received rule: InterfaceLinkDown
2025-05-27 16:00:04,939 - INFO - Matched rule: {'id': 1, 'name': 'InterfaceLinkDown', 'opensignaltrap': 'IF-MIB::linkDown', 'closesignaltrap': 'IF-MIB::linkUp', 'opensignaltag': '', 'opensignalvalue': '', 'closesignaltag': '', 'closesignalvalue': '', 'initialseverity': 'medium', 'affectedentity': ['Interface'], 'description': '', 'warmup': 30, 'cooldown': 30, 'device_hostnames': []}
2025-05-27 16:00:04,940 - INFO - Trap data: {'device': '192.168.1.212', 'DISMAN-EXPRESSION-MIB::sysUpTimeInstance': '6:59:40.59', 'SNMPv2-MIB::snmpTrapOID.0': 'IF-MIB::linkUp', 'content': {'IF-MIB::ifIndex.2': '2', 'IF-MIB::ifDescr.2': 'GigabitEthernet2', 'IF-MIB::ifType.2': 'ethernetCsmacd(6)'}, '@timestamp': '2025-05-27T16:00:04.928016', 'trap_id': '8560c01737237d0bd170ba0235fb7c930b4db9d2f67d544abf3965b05b3fe0e8', 'Interface': 'GigabitEthernet2', 'rule': 'InterfaceLinkDown'}
2025-05-27 16:00:04,940 - INFO - Trap SNMP Trap OID: IF-MIB::linkUp, Open Signal value: IF-MIB::linkDown: None
2025-05-27 16:00:04,940 - INFO - Trap SNMP Trap OID: IF-MIB::linkUp, Close Signal value: IF-MIB::linkUp: None
2025-05-27 16:00:04,940 - INFO - Trap elligible for closing signal: None
2025-05-27 16:00:04,945 - ERROR - OpenSearch error (find related): 400 - {"error":{"root_cause":[{"type":"parsing_exception","reason":"[term] query does not support [id]","line":1,"col":63}],"type":"x_content_parse_exception","reason":"[1:63] [bool] failed to parse field [must]","caused_by":{"type":"parsing_exception","reason":"[term] query does not support [id]","line":1,"col":63}},"status":400}
2025-05-27 16:00:04,945 - INFO - Related signal ID: None, Related signal: None, Rule: {'id': 1, 'name': 'InterfaceLinkDown', 'opensignaltrap': 'IF-MIB::linkDown', 'closesignaltrap': 'IF-MIB::linkUp', 'opensignaltag': '', 'opensignalvalue': '', 'closesignaltag': '', 'closesignalvalue': '', 'initialseverity': 'medium', 'affectedentity': ['Interface'], 'description': '', 'warmup': 30, 'cooldown': 30, 'device_hostnames': []}, affected entities: {'Interface': 'GigabitEthernet2'}
2025-05-27 16:00:04,946 - ERROR - No related signal found to close.
2025-05-27 16:00:05,192 - INFO - Received rule: InterfaceLinkDown
2025-05-27 16:00:05,192 - INFO - Matched rule: {'id': 1, 'name': 'InterfaceLinkDown', 'opensignaltrap': 'IF-MIB::linkDown', 'closesignaltrap': 'IF-MIB::linkUp', 'opensignaltag': '', 'opensignalvalue': '', 'closesignaltag': '', 'closesignalvalue': '', 'initialseverity': 'medium', 'affectedentity': ['Interface'], 'description': '', 'warmup': 30, 'cooldown': 30, 'device_hostnames': []}
2025-05-27 16:00:05,193 - INFO - Trap data: {'device': '192.168.1.212', 'DISMAN-EXPRESSION-MIB::sysUpTimeInstance': '6:59:40.60', 'SNMPv2-MIB::snmpTrapOID.0': 'IF-MIB::linkUp', 'content': {'IF-MIB::ifIndex.4': '4', 'IF-MIB::ifDescr.4': 'GigabitEthernet4', 'IF-MIB::ifType.4': 'ethernetCsmacd(6)'}, '@timestamp': '2025-05-27T16:00:05.180220', 'trap_id': '8560c01737237d0bd170ba0235fb7c930b4db9d2f67d544abf3965b05b3fe0e8', 'Interface': 'GigabitEthernet4', 'rule': 'InterfaceLinkDown'}
2025-05-27 16:00:05,193 - INFO - Trap SNMP Trap OID: IF-MIB::linkUp, Open Signal value: IF-MIB::linkDown: None
2025-05-27 16:00:05,193 - INFO - Trap SNMP Trap OID: IF-MIB::linkUp, Close Signal value: IF-MIB::linkUp: None
2025-05-27 16:00:05,193 - INFO - Trap elligible for closing signal: None
2025-05-27 16:00:05,198 - ERROR - OpenSearch error (find related): 400 - {"error":{"root_cause":[{"type":"parsing_exception","reason":"[term] query does not support [id]","line":1,"col":63}],"type":"x_content_parse_exception","reason":"[1:63] [bool] failed to parse field [must]","caused_by":{"type":"parsing_exception","reason":"[term] query does not support [id]","line":1,"col":63}},"status":400}
2025-05-27 16:00:05,199 - INFO - Related signal ID: None, Related signal: None, Rule: {'id': 1, 'name': 'InterfaceLinkDown', 'opensignaltrap': 'IF-MIB::linkDown', 'closesignaltrap': 'IF-MIB::linkUp', 'opensignaltag': '', 'opensignalvalue': '', 'closesignaltag': '', 'closesignalvalue': '', 'initialseverity': 'medium', 'affectedentity': ['Interface'], 'description': '', 'warmup': 30, 'cooldown': 30, 'device_hostnames': []}, affected entities: {'Interface': 'GigabitEthernet4'}
2025-05-27 16:00:05,199 - ERROR - No related signal found to close.
2025-05-27 16:09:38,992 - INFO - Received rule: InterfaceLinkDown
2025-05-27 16:09:38,992 - INFO - Matched rule: {'id': 1, 'name': 'InterfaceLinkDown', 'opensignaltrap': 'IF-MIB::linkDown', 'closesignaltrap': 'IF-MIB::linkUp', 'opensignaltag': '', 'opensignalvalue': '', 'closesignaltag': '', 'closesignalvalue': '', 'initialseverity': 'medium', 'affectedentity': ['Interface'], 'description': '', 'warmup': 30, 'cooldown': 30, 'device_hostnames': []}
2025-05-27 16:09:38,992 - INFO - Trap data: {'device': '192.168.1.212', 'DISMAN-EXPRESSION-MIB::sysUpTimeInstance': '7:09:14.61', 'SNMPv2-MIB::snmpTrapOID.0': 'IF-MIB::linkDown', 'content': {'IF-MIB::ifIndex.2': '2', 'IF-MIB::ifDescr.2': 'GigabitEthernet2', 'IF-MIB::ifType.2': 'ethernetCsmacd(6)', 'CISCO-SMI::local.2.1.1.20.2': 'administratively down'}, '@timestamp': '2025-05-27T16:09:38.978567', 'trap_id': '8b74b2d748f7110fcfaf02217dd927511cb1569de9d1b01c13232d56138f8ad4', 'Interface': 'GigabitEthernet2', 'rule': 'InterfaceLinkDown'}
2025-05-27 16:09:38,993 - INFO - Trap SNMP Trap OID: IF-MIB::linkDown, Open Signal value: IF-MIB::linkDown: None
2025-05-27 16:09:38,993 - INFO - Trap SNMP Trap OID: IF-MIB::linkDown, Close Signal value: IF-MIB::linkUp: None
2025-05-27 16:09:38,993 - INFO - Trap eligible for opening signal: None: 1.InterfaceLinkDown, 2.192.168.1.212, 3.{'Interface': 'GigabitEthernet2'}
2025-05-27 16:09:39,002 - INFO - Related signal ID: None, Related signal: None, Rule: {'id': 1, 'name': 'InterfaceLinkDown', 'opensignaltrap': 'IF-MIB::linkDown', 'closesignaltrap': 'IF-MIB::linkUp', 'opensignaltag': '', 'opensignalvalue': '', 'closesignaltag': '', 'closesignalvalue': '', 'initialseverity': 'medium', 'affectedentity': ['Interface'], 'description': '', 'warmup': 30, 'cooldown': 30, 'device_hostnames': []}, affected entities: {'Interface': 'GigabitEthernet2'}
2025-05-27 16:09:39,002 - INFO - Creating new signal (no related or closed).
2025-05-27 16:09:39,014 - INFO - Signal saved to OpenSearch: {'signal_id': 'f96784b7', 'device': '192.168.1.212', 'rule': 'InterfaceLinkDown', 'snmpTrapOid': 'IF-MIB::linkDown', 'affectedEntities': {'Interface': 'GigabitEthernet2'}, 'severity': 'medium', 'description': '', '@startTime': '2025-05-27T16:09:38.978567', 'endTime': None, 'status': 'warmUp', 'events': ['8b74b2d748f7110fcfaf02217dd927511cb1569de9d1b01c13232d56138f8ad4']}
2025-05-27 16:09:39,018 - INFO - Created signal (ID: SUaBEpcBHJrAe-gIsWq-) with warmUp=30s: {'signal_id': 'f96784b7', 'device': '192.168.1.212', 'rule': 'InterfaceLinkDown', 'snmpTrapOid': 'IF-MIB::linkDown', 'affectedEntities': {'Interface': 'GigabitEthernet2'}, 'severity': 'medium', 'description': '', '@startTime': '2025-05-27T16:09:38.978567', 'endTime': None, 'status': 'warmUp', 'events': ['8b74b2d748f7110fcfaf02217dd927511cb1569de9d1b01c13232d56138f8ad4']}
2025-05-27 16:09:45,458 - INFO - Received rule: InterfaceLinkDown
2025-05-27 16:09:45,459 - INFO - Matched rule: {'id': 1, 'name': 'InterfaceLinkDown', 'opensignaltrap': 'IF-MIB::linkDown', 'closesignaltrap': 'IF-MIB::linkUp', 'opensignaltag': '', 'opensignalvalue': '', 'closesignaltag': '', 'closesignalvalue': '', 'initialseverity': 'medium', 'affectedentity': ['Interface'], 'description': '', 'warmup': 30, 'cooldown': 30, 'device_hostnames': []}
2025-05-27 16:09:45,459 - INFO - Trap data: {'device': '192.168.1.212', 'DISMAN-EXPRESSION-MIB::sysUpTimeInstance': '7:09:21.08', 'SNMPv2-MIB::snmpTrapOID.0': 'IF-MIB::linkUp', 'content': {'IF-MIB::ifIndex.3': '3', 'IF-MIB::ifDescr.3': 'GigabitEthernet3', 'IF-MIB::ifType.3': 'ethernetCsmacd(6)'}, '@timestamp': '2025-05-27T16:09:45.446346', 'trap_id': '8560c01737237d0bd170ba0235fb7c930b4db9d2f67d544abf3965b05b3fe0e8', 'Interface': 'GigabitEthernet3', 'rule': 'InterfaceLinkDown'}
2025-05-27 16:09:45,459 - INFO - Trap SNMP Trap OID: IF-MIB::linkUp, Open Signal value: IF-MIB::linkDown: None
2025-05-27 16:09:45,459 - INFO - Trap SNMP Trap OID: IF-MIB::linkUp, Close Signal value: IF-MIB::linkUp: None
2025-05-27 16:09:45,459 - INFO - Trap elligible for closing signal: None
2025-05-27 16:09:45,465 - ERROR - OpenSearch error (find related): 400 - {"error":{"root_cause":[{"type":"parsing_exception","reason":"[term] query does not support [id]","line":1,"col":63}],"type":"x_content_parse_exception","reason":"[1:63] [bool] failed to parse field [must]","caused_by":{"type":"parsing_exception","reason":"[term] query does not support [id]","line":1,"col":63}},"status":400}
2025-05-27 16:09:45,465 - INFO - Related signal ID: None, Related signal: None, Rule: {'id': 1, 'name': 'InterfaceLinkDown', 'opensignaltrap': 'IF-MIB::linkDown', 'closesignaltrap': 'IF-MIB::linkUp', 'opensignaltag': '', 'opensignalvalue': '', 'closesignaltag': '', 'closesignalvalue': '', 'initialseverity': 'medium', 'affectedentity': ['Interface'], 'description': '', 'warmup': 30, 'cooldown': 30, 'device_hostnames': []}, affected entities: {'Interface': 'GigabitEthernet3'}
2025-05-27 16:09:45,465 - ERROR - No related signal found to close.
2025-05-27 16:09:45,714 - INFO - Received rule: InterfaceLinkDown
2025-05-27 16:09:45,714 - INFO - Matched rule: {'id': 1, 'name': 'InterfaceLinkDown', 'opensignaltrap': 'IF-MIB::linkDown', 'closesignaltrap': 'IF-MIB::linkUp', 'opensignaltag': '', 'opensignalvalue': '', 'closesignaltag': '', 'closesignalvalue': '', 'initialseverity': 'medium', 'affectedentity': ['Interface'], 'description': '', 'warmup': 30, 'cooldown': 30, 'device_hostnames': []}
2025-05-27 16:09:45,715 - INFO - Trap data: {'device': '192.168.1.212', 'DISMAN-EXPRESSION-MIB::sysUpTimeInstance': '7:09:21.13', 'SNMPv2-MIB::snmpTrapOID.0': 'IF-MIB::linkDown', 'content': {'IF-MIB::ifIndex.4': '4', 'IF-MIB::ifDescr.4': 'GigabitEthernet4', 'IF-MIB::ifType.4': 'ethernetCsmacd(6)', 'CISCO-SMI::local.2.1.1.20.4': 'Lost Carrier'}, '@timestamp': '2025-05-27T16:09:45.702664', 'trap_id': '8b74b2d748f7110fcfaf02217dd927511cb1569de9d1b01c13232d56138f8ad4', 'Interface': 'GigabitEthernet4', 'rule': 'InterfaceLinkDown'}
2025-05-27 16:09:45,715 - INFO - Trap SNMP Trap OID: IF-MIB::linkDown, Open Signal value: IF-MIB::linkDown: None
2025-05-27 16:09:45,715 - INFO - Trap SNMP Trap OID: IF-MIB::linkDown, Close Signal value: IF-MIB::linkUp: None
2025-05-27 16:09:45,715 - INFO - Trap eligible for opening signal: None: 1.InterfaceLinkDown, 2.192.168.1.212, 3.{'Interface': 'GigabitEthernet4'}
2025-05-27 16:09:45,723 - INFO - Related signal ID: None, Related signal: None, Rule: {'id': 1, 'name': 'InterfaceLinkDown', 'opensignaltrap': 'IF-MIB::linkDown', 'closesignaltrap': 'IF-MIB::linkUp', 'opensignaltag': '', 'opensignalvalue': '', 'closesignaltag': '', 'closesignalvalue': '', 'initialseverity': 'medium', 'affectedentity': ['Interface'], 'description': '', 'warmup': 30, 'cooldown': 30, 'device_hostnames': []}, affected entities: {'Interface': 'GigabitEthernet4'}
2025-05-27 16:09:45,723 - INFO - Creating new signal (no related or closed).
2025-05-27 16:09:45,731 - INFO - Signal saved to OpenSearch: {'signal_id': '55fa2feb', 'device': '192.168.1.212', 'rule': 'InterfaceLinkDown', 'snmpTrapOid': 'IF-MIB::linkDown', 'affectedEntities': {'Interface': 'GigabitEthernet4'}, 'severity': 'medium', 'description': '', '@startTime': '2025-05-27T16:09:45.702664', 'endTime': None, 'status': 'warmUp', 'events': ['8b74b2d748f7110fcfaf02217dd927511cb1569de9d1b01c13232d56138f8ad4']}
2025-05-27 16:09:45,734 - INFO - Created signal (ID: TkaBEpcBHJrAe-gIy2r-) with warmUp=30s: {'signal_id': '55fa2feb', 'device': '192.168.1.212', 'rule': 'InterfaceLinkDown', 'snmpTrapOid': 'IF-MIB::linkDown', 'affectedEntities': {'Interface': 'GigabitEthernet4'}, 'severity': 'medium', 'description': '', '@startTime': '2025-05-27T16:09:45.702664', 'endTime': None, 'status': 'warmUp', 'events': ['8b74b2d748f7110fcfaf02217dd927511cb1569de9d1b01c13232d56138f8ad4']}
2025-05-27 16:10:13,422 - INFO - Received rule: InterfaceLinkDown
2025-05-27 16:10:13,422 - INFO - Matched rule: {'id': 1, 'name': 'InterfaceLinkDown', 'opensignaltrap': 'IF-MIB::linkDown', 'closesignaltrap': 'IF-MIB::linkUp', 'opensignaltag': '', 'opensignalvalue': '', 'closesignaltag': '', 'closesignalvalue': '', 'initialseverity': 'medium', 'affectedentity': ['Interface'], 'description': '', 'warmup': 30, 'cooldown': 30, 'device_hostnames': []}
2025-05-27 16:10:13,422 - INFO - Trap data: {'device': '192.168.1.212', 'DISMAN-EXPRESSION-MIB::sysUpTimeInstance': '7:09:49.04', 'SNMPv2-MIB::snmpTrapOID.0': 'IF-MIB::linkDown', 'content': {'IF-MIB::ifIndex.3': '3', 'IF-MIB::ifDescr.3': 'GigabitEthernet3', 'IF-MIB::ifType.3': 'ethernetCsmacd(6)', 'CISCO-SMI::local.2.1.1.20.3': 'administratively down'}, '@timestamp': '2025-05-27T16:10:13.408604', 'trap_id': '8b74b2d748f7110fcfaf02217dd927511cb1569de9d1b01c13232d56138f8ad4', 'Interface': 'GigabitEthernet3', 'rule': 'InterfaceLinkDown'}
2025-05-27 16:10:13,422 - INFO - Trap SNMP Trap OID: IF-MIB::linkDown, Open Signal value: IF-MIB::linkDown: None
2025-05-27 16:10:13,422 - INFO - Trap SNMP Trap OID: IF-MIB::linkDown, Close Signal value: IF-MIB::linkUp: None
2025-05-27 16:10:13,423 - INFO - Trap eligible for opening signal: None: 1.InterfaceLinkDown, 2.192.168.1.212, 3.{'Interface': 'GigabitEthernet3'}
2025-05-27 16:10:13,432 - INFO - Related signal ID: IEZ4EpcBHJrAe-gI5Goy, Related signal: {'signal_id': 'a3edbf06', 'device': '192.168.1.212', 'rule': 'InterfaceLinkDown', 'snmpTrapOid': 'IF-MIB::linkDown', 'affectedEntities': {'Interface': 'GigabitEthernet3'}, 'severity': 'medium', 'description': '', '@startTime': '2025-05-27T16:00:02.069747', 'endTime': None, 'status': 'open', 'events': ['8b74b2d748f7110fcfaf02217dd927511cb1569de9d1b01c13232d56138f8ad4']}, Rule: {'id': 1, 'name': 'InterfaceLinkDown', 'opensignaltrap': 'IF-MIB::linkDown', 'closesignaltrap': 'IF-MIB::linkUp', 'opensignaltag': '', 'opensignalvalue': '', 'closesignaltag': '', 'closesignalvalue': '', 'initialseverity': 'medium', 'affectedentity': ['Interface'], 'description': '', 'warmup': 30, 'cooldown': 30, 'device_hostnames': []}, affected entities: {'Interface': 'GigabitEthernet3'}
2025-05-27 16:10:13,432 - ERROR - Related signal IEZ4EpcBHJrAe-gI5Goy is already open.
2025-05-27 16:10:13,432 - ERROR - Related signal: {'signal_id': 'a3edbf06', 'device': '192.168.1.212', 'rule': 'InterfaceLinkDown', 'snmpTrapOid': 'IF-MIB::linkDown', 'affectedEntities': {'Interface': 'GigabitEthernet3'}, 'severity': 'medium', 'description': '', '@startTime': '2025-05-27T16:00:02.069747', 'endTime': None, 'status': 'open', 'events': ['8b74b2d748f7110fcfaf02217dd927511cb1569de9d1b01c13232d56138f8ad4']}
2025-05-27 16:11:35,473 - INFO - Received rule: InterfaceLinkDown
2025-05-27 16:11:35,473 - INFO - Matched rule: {'id': 1, 'name': 'InterfaceLinkDown', 'opensignaltrap': 'IF-MIB::linkDown', 'closesignaltrap': 'IF-MIB::linkUp', 'opensignaltag': '', 'opensignalvalue': '', 'closesignaltag': '', 'closesignalvalue': '', 'initialseverity': 'medium', 'affectedentity': ['Interface'], 'description': '', 'warmup': 30, 'cooldown': 30, 'device_hostnames': []}
2025-05-27 16:11:35,473 - INFO - Trap data: {'device': '192.168.1.212', 'DISMAN-EXPRESSION-MIB::sysUpTimeInstance': '7:11:11.09', 'SNMPv2-MIB::snmpTrapOID.0': 'IF-MIB::linkUp', 'content': {'IF-MIB::ifIndex.2': '2', 'IF-MIB::ifDescr.2': 'GigabitEthernet2', 'IF-MIB::ifType.2': 'ethernetCsmacd(6)'}, '@timestamp': '2025-05-27T16:11:35.461172', 'trap_id': '8560c01737237d0bd170ba0235fb7c930b4db9d2f67d544abf3965b05b3fe0e8', 'Interface': 'GigabitEthernet2', 'rule': 'InterfaceLinkDown'}
2025-05-27 16:11:35,473 - INFO - Trap SNMP Trap OID: IF-MIB::linkUp, Open Signal value: IF-MIB::linkDown: None
2025-05-27 16:11:35,473 - INFO - Trap SNMP Trap OID: IF-MIB::linkUp, Close Signal value: IF-MIB::linkUp: None
2025-05-27 16:11:35,474 - INFO - Trap elligible for closing signal: None
2025-05-27 16:11:35,479 - ERROR - OpenSearch error (find related): 400 - {"error":{"root_cause":[{"type":"parsing_exception","reason":"[term] query does not support [id]","line":1,"col":63}],"type":"x_content_parse_exception","reason":"[1:63] [bool] failed to parse field [must]","caused_by":{"type":"parsing_exception","reason":"[term] query does not support [id]","line":1,"col":63}},"status":400}
2025-05-27 16:11:35,479 - INFO - Related signal ID: None, Related signal: None, Rule: {'id': 1, 'name': 'InterfaceLinkDown', 'opensignaltrap': 'IF-MIB::linkDown', 'closesignaltrap': 'IF-MIB::linkUp', 'opensignaltag': '', 'opensignalvalue': '', 'closesignaltag': '', 'closesignalvalue': '', 'initialseverity': 'medium', 'affectedentity': ['Interface'], 'description': '', 'warmup': 30, 'cooldown': 30, 'device_hostnames': []}, affected entities: {'Interface': 'GigabitEthernet2'}
2025-05-27 16:11:35,479 - ERROR - No related signal found to close.
2025-05-27 16:11:45,495 - INFO - Received rule: InterfaceLinkDown
2025-05-27 16:11:45,495 - INFO - Matched rule: {'id': 1, 'name': 'InterfaceLinkDown', 'opensignaltrap': 'IF-MIB::linkDown', 'closesignaltrap': 'IF-MIB::linkUp', 'opensignaltag': '', 'opensignalvalue': '', 'closesignaltag': '', 'closesignalvalue': '', 'initialseverity': 'medium', 'affectedentity': ['Interface'], 'description': '', 'warmup': 30, 'cooldown': 30, 'device_hostnames': []}
2025-05-27 16:11:45,496 - INFO - Trap data: {'device': '192.168.1.212', 'DISMAN-EXPRESSION-MIB::sysUpTimeInstance': '7:11:21.10', 'SNMPv2-MIB::snmpTrapOID.0': 'IF-MIB::linkUp', 'content': {'IF-MIB::ifIndex.3': '3', 'IF-MIB::ifDescr.3': 'GigabitEthernet3', 'IF-MIB::ifType.3': 'ethernetCsmacd(6)'}, '@timestamp': '2025-05-27T16:11:45.482243', 'trap_id': '8560c01737237d0bd170ba0235fb7c930b4db9d2f67d544abf3965b05b3fe0e8', 'Interface': 'GigabitEthernet3', 'rule': 'InterfaceLinkDown'}
2025-05-27 16:11:45,496 - INFO - Trap SNMP Trap OID: IF-MIB::linkUp, Open Signal value: IF-MIB::linkDown: None
2025-05-27 16:11:45,496 - INFO - Trap SNMP Trap OID: IF-MIB::linkUp, Close Signal value: IF-MIB::linkUp: None
2025-05-27 16:11:45,496 - INFO - Trap elligible for closing signal: None
2025-05-27 16:11:45,501 - ERROR - OpenSearch error (find related): 400 - {"error":{"root_cause":[{"type":"parsing_exception","reason":"[term] query does not support [id]","line":1,"col":63}],"type":"x_content_parse_exception","reason":"[1:63] [bool] failed to parse field [must]","caused_by":{"type":"parsing_exception","reason":"[term] query does not support [id]","line":1,"col":63}},"status":400}
2025-05-27 16:11:45,502 - INFO - Related signal ID: None, Related signal: None, Rule: {'id': 1, 'name': 'InterfaceLinkDown', 'opensignaltrap': 'IF-MIB::linkDown', 'closesignaltrap': 'IF-MIB::linkUp', 'opensignaltag': '', 'opensignalvalue': '', 'closesignaltag': '', 'closesignalvalue': '', 'initialseverity': 'medium', 'affectedentity': ['Interface'], 'description': '', 'warmup': 30, 'cooldown': 30, 'device_hostnames': []}, affected entities: {'Interface': 'GigabitEthernet3'}
2025-05-27 16:11:45,502 - ERROR - No related signal found to close.
2025-05-27 16:11:45,746 - INFO - Received rule: InterfaceLinkDown
2025-05-27 16:11:45,746 - INFO - Matched rule: {'id': 1, 'name': 'InterfaceLinkDown', 'opensignaltrap': 'IF-MIB::linkDown', 'closesignaltrap': 'IF-MIB::linkUp', 'opensignaltag': '', 'opensignalvalue': '', 'closesignaltag': '', 'closesignalvalue': '', 'initialseverity': 'medium', 'affectedentity': ['Interface'], 'description': '', 'warmup': 30, 'cooldown': 30, 'device_hostnames': []}
2025-05-27 16:11:45,747 - INFO - Trap data: {'device': '192.168.1.212', 'DISMAN-EXPRESSION-MIB::sysUpTimeInstance': '7:11:21.11', 'SNMPv2-MIB::snmpTrapOID.0': 'IF-MIB::linkUp', 'content': {'IF-MIB::ifIndex.4': '4', 'IF-MIB::ifDescr.4': 'GigabitEthernet4', 'IF-MIB::ifType.4': 'ethernetCsmacd(6)'}, '@timestamp': '2025-05-27T16:11:45.734716', 'trap_id': '8560c01737237d0bd170ba0235fb7c930b4db9d2f67d544abf3965b05b3fe0e8', 'Interface': 'GigabitEthernet4', 'rule': 'InterfaceLinkDown'}
2025-05-27 16:11:45,747 - INFO - Trap SNMP Trap OID: IF-MIB::linkUp, Open Signal value: IF-MIB::linkDown: None
2025-05-27 16:11:45,747 - INFO - Trap SNMP Trap OID: IF-MIB::linkUp, Close Signal value: IF-MIB::linkUp: None
2025-05-27 16:11:45,747 - INFO - Trap elligible for closing signal: None
2025-05-27 16:11:45,753 - ERROR - OpenSearch error (find related): 400 - {"error":{"root_cause":[{"type":"parsing_exception","reason":"[term] query does not support [id]","line":1,"col":63}],"type":"x_content_parse_exception","reason":"[1:63] [bool] failed to parse field [must]","caused_by":{"type":"parsing_exception","reason":"[term] query does not support [id]","line":1,"col":63}},"status":400}
2025-05-27 16:11:45,754 - INFO - Related signal ID: None, Related signal: None, Rule: {'id': 1, 'name': 'InterfaceLinkDown', 'opensignaltrap': 'IF-MIB::linkDown', 'closesignaltrap': 'IF-MIB::linkUp', 'opensignaltag': '', 'opensignalvalue': '', 'closesignaltag': '', 'closesignalvalue': '', 'initialseverity': 'medium', 'affectedentity': ['Interface'], 'description': '', 'warmup': 30, 'cooldown': 30, 'device_hostnames': []}, affected entities: {'Interface': 'GigabitEthernet4'}
2025-05-27 16:11:45,754 - ERROR - No related signal found to close.
2025-05-27 16:21:52,856 - INFO - Shutting down signal consumer...
2025-05-27 16:21:52,914 - INFO - Signal consumer closed.
2025-05-27 16:21:52,914 - INFO - Trap Signals Consumer started.
2025-05-27 16:23:13,662 - INFO - Trap Signals Consumer started.
2025-05-27 16:23:13,687 - INFO - Loaded 1 stateful rules.
2025-05-27 16:23:13,690 - INFO - Subscribed to topic: trap-signals
2025-05-27 16:23:41,792 - INFO - Received rule: InterfaceLinkDown
2025-05-27 16:23:41,793 - INFO - Matched rule: {'id': 1, 'name': 'InterfaceLinkDown', 'opensignaltrap': 'IF-MIB::linkDown', 'closesignaltrap': 'IF-MIB::linkUp', 'opensignaltag': '', 'opensignalvalue': '', 'closesignaltag': '', 'closesignalvalue': '', 'initialseverity': 'medium', 'affectedentity': ['Interface'], 'description': '', 'warmup': 30, 'cooldown': 30, 'device_hostnames': []}
2025-05-27 16:23:41,793 - INFO - Trap data: {'device': '192.168.1.212', 'DISMAN-EXPRESSION-MIB::sysUpTimeInstance': '7:23:17.37', 'SNMPv2-MIB::snmpTrapOID.0': 'IF-MIB::linkDown', 'content': {'IF-MIB::ifIndex.2': '2', 'IF-MIB::ifDescr.2': 'GigabitEthernet2', 'IF-MIB::ifType.2': 'ethernetCsmacd(6)', 'CISCO-SMI::local.2.1.1.20.2': 'administratively down'}, '@timestamp': '2025-05-27T16:23:41.780024', 'trap_id': '8b74b2d748f7110fcfaf02217dd927511cb1569de9d1b01c13232d56138f8ad4', 'Interface': 'GigabitEthernet2', 'rule': 'InterfaceLinkDown'}
2025-05-27 16:23:41,793 - INFO - Extracted affected_entity_values: {'Interface': 'GigabitEthernet2'}
2025-05-27 16:23:41,793 - INFO - Trap SNMP Trap OID: IF-MIB::linkDown, Open Signal value: IF-MIB::linkDown: None
2025-05-27 16:23:41,793 - INFO - Trap SNMP Trap OID: IF-MIB::linkDown, Close Signal value: IF-MIB::linkUp: None
2025-05-27 16:23:41,793 - INFO - Trap eligible for opening signal: None: 1.InterfaceLinkDown, 2.192.168.1.212, 3.{'Interface': 'GigabitEthernet2'}
2025-05-27 16:23:41,805 - INFO - Related signal ID: SUaBEpcBHJrAe-gIsWq-, Related signal: {'signal_id': 'f96784b7', 'device': '192.168.1.212', 'rule': 'InterfaceLinkDown', 'snmpTrapOid': 'IF-MIB::linkDown', 'affectedEntities': {'Interface': 'GigabitEthernet2'}, 'severity': 'medium', 'description': '', '@startTime': '2025-05-27T16:09:38.978567', 'endTime': None, 'status': 'open', 'events': ['8b74b2d748f7110fcfaf02217dd927511cb1569de9d1b01c13232d56138f8ad4']}, Rule: {'id': 1, 'name': 'InterfaceLinkDown', 'opensignaltrap': 'IF-MIB::linkDown', 'closesignaltrap': 'IF-MIB::linkUp', 'opensignaltag': '', 'opensignalvalue': '', 'closesignaltag': '', 'closesignalvalue': '', 'initialseverity': 'medium', 'affectedentity': ['Interface'], 'description': '', 'warmup': 30, 'cooldown': 30, 'device_hostnames': []}, affected entities: {'Interface': 'GigabitEthernet2'}
2025-05-27 16:23:41,805 - ERROR - Related signal SUaBEpcBHJrAe-gIsWq- is already open.
2025-05-27 16:23:41,805 - ERROR - Related signal: {'signal_id': 'f96784b7', 'device': '192.168.1.212', 'rule': 'InterfaceLinkDown', 'snmpTrapOid': 'IF-MIB::linkDown', 'affectedEntities': {'Interface': 'GigabitEthernet2'}, 'severity': 'medium', 'description': '', '@startTime': '2025-05-27T16:09:38.978567', 'endTime': None, 'status': 'open', 'events': ['8b74b2d748f7110fcfaf02217dd927511cb1569de9d1b01c13232d56138f8ad4']}
2025-05-27 16:23:45,453 - INFO - Received rule: InterfaceLinkDown
2025-05-27 16:23:45,453 - INFO - Matched rule: {'id': 1, 'name': 'InterfaceLinkDown', 'opensignaltrap': 'IF-MIB::linkDown', 'closesignaltrap': 'IF-MIB::linkUp', 'opensignaltag': '', 'opensignalvalue': '', 'closesignaltag': '', 'closesignalvalue': '', 'initialseverity': 'medium', 'affectedentity': ['Interface'], 'description': '', 'warmup': 30, 'cooldown': 30, 'device_hostnames': []}
2025-05-27 16:23:45,453 - INFO - Trap data: {'device': '192.168.1.212', 'DISMAN-EXPRESSION-MIB::sysUpTimeInstance': '7:23:21.03', 'SNMPv2-MIB::snmpTrapOID.0': 'IF-MIB::linkDown', 'content': {'IF-MIB::ifIndex.3': '3', 'IF-MIB::ifDescr.3': 'GigabitEthernet3', 'IF-MIB::ifType.3': 'ethernetCsmacd(6)', 'CISCO-SMI::local.2.1.1.20.3': 'administratively down'}, '@timestamp': '2025-05-27T16:23:45.441977', 'trap_id': '8b74b2d748f7110fcfaf02217dd927511cb1569de9d1b01c13232d56138f8ad4', 'Interface': 'GigabitEthernet3', 'rule': 'InterfaceLinkDown'}
2025-05-27 16:23:45,453 - INFO - Extracted affected_entity_values: {'Interface': 'GigabitEthernet3'}
2025-05-27 16:23:45,453 - INFO - Trap SNMP Trap OID: IF-MIB::linkDown, Open Signal value: IF-MIB::linkDown: None
2025-05-27 16:23:45,453 - INFO - Trap SNMP Trap OID: IF-MIB::linkDown, Close Signal value: IF-MIB::linkUp: None
2025-05-27 16:23:45,454 - INFO - Trap eligible for opening signal: None: 1.InterfaceLinkDown, 2.192.168.1.212, 3.{'Interface': 'GigabitEthernet3'}
2025-05-27 16:23:45,462 - INFO - Related signal ID: IEZ4EpcBHJrAe-gI5Goy, Related signal: {'signal_id': 'a3edbf06', 'device': '192.168.1.212', 'rule': 'InterfaceLinkDown', 'snmpTrapOid': 'IF-MIB::linkDown', 'affectedEntities': {'Interface': 'GigabitEthernet3'}, 'severity': 'medium', 'description': '', '@startTime': '2025-05-27T16:00:02.069747', 'endTime': None, 'status': 'open', 'events': ['8b74b2d748f7110fcfaf02217dd927511cb1569de9d1b01c13232d56138f8ad4']}, Rule: {'id': 1, 'name': 'InterfaceLinkDown', 'opensignaltrap': 'IF-MIB::linkDown', 'closesignaltrap': 'IF-MIB::linkUp', 'opensignaltag': '', 'opensignalvalue': '', 'closesignaltag': '', 'closesignalvalue': '', 'initialseverity': 'medium', 'affectedentity': ['Interface'], 'description': '', 'warmup': 30, 'cooldown': 30, 'device_hostnames': []}, affected entities: {'Interface': 'GigabitEthernet3'}
2025-05-27 16:23:45,462 - ERROR - Related signal IEZ4EpcBHJrAe-gI5Goy is already open.
2025-05-27 16:23:45,463 - ERROR - Related signal: {'signal_id': 'a3edbf06', 'device': '192.168.1.212', 'rule': 'InterfaceLinkDown', 'snmpTrapOid': 'IF-MIB::linkDown', 'affectedEntities': {'Interface': 'GigabitEthernet3'}, 'severity': 'medium', 'description': '', '@startTime': '2025-05-27T16:00:02.069747', 'endTime': None, 'status': 'open', 'events': ['8b74b2d748f7110fcfaf02217dd927511cb1569de9d1b01c13232d56138f8ad4']}
2025-05-27 16:23:48,068 - INFO - Received rule: InterfaceLinkDown
2025-05-27 16:23:48,068 - INFO - Matched rule: {'id': 1, 'name': 'InterfaceLinkDown', 'opensignaltrap': 'IF-MIB::linkDown', 'closesignaltrap': 'IF-MIB::linkUp', 'opensignaltag': '', 'opensignalvalue': '', 'closesignaltag': '', 'closesignalvalue': '', 'initialseverity': 'medium', 'affectedentity': ['Interface'], 'description': '', 'warmup': 30, 'cooldown': 30, 'device_hostnames': []}
2025-05-27 16:23:48,068 - INFO - Trap data: {'device': '192.168.1.212', 'DISMAN-EXPRESSION-MIB::sysUpTimeInstance': '7:23:23.65', 'SNMPv2-MIB::snmpTrapOID.0': 'IF-MIB::linkDown', 'content': {'IF-MIB::ifIndex.4': '4', 'IF-MIB::ifDescr.4': 'GigabitEthernet4', 'IF-MIB::ifType.4': 'ethernetCsmacd(6)', 'CISCO-SMI::local.2.1.1.20.4': 'administratively down'}, '@timestamp': '2025-05-27T16:23:48.056756', 'trap_id': '8b74b2d748f7110fcfaf02217dd927511cb1569de9d1b01c13232d56138f8ad4', 'Interface': 'GigabitEthernet4', 'rule': 'InterfaceLinkDown'}
2025-05-27 16:23:48,069 - INFO - Extracted affected_entity_values: {'Interface': 'GigabitEthernet4'}
2025-05-27 16:23:48,069 - INFO - Trap SNMP Trap OID: IF-MIB::linkDown, Open Signal value: IF-MIB::linkDown: None
2025-05-27 16:23:48,069 - INFO - Trap SNMP Trap OID: IF-MIB::linkDown, Close Signal value: IF-MIB::linkUp: None
2025-05-27 16:23:48,069 - INFO - Trap eligible for opening signal: None: 1.InterfaceLinkDown, 2.192.168.1.212, 3.{'Interface': 'GigabitEthernet4'}
2025-05-27 16:23:48,077 - INFO - Related signal ID: TkaBEpcBHJrAe-gIy2r-, Related signal: {'signal_id': '55fa2feb', 'device': '192.168.1.212', 'rule': 'InterfaceLinkDown', 'snmpTrapOid': 'IF-MIB::linkDown', 'affectedEntities': {'Interface': 'GigabitEthernet4'}, 'severity': 'medium', 'description': '', '@startTime': '2025-05-27T16:09:45.702664', 'endTime': None, 'status': 'open', 'events': ['8b74b2d748f7110fcfaf02217dd927511cb1569de9d1b01c13232d56138f8ad4']}, Rule: {'id': 1, 'name': 'InterfaceLinkDown', 'opensignaltrap': 'IF-MIB::linkDown', 'closesignaltrap': 'IF-MIB::linkUp', 'opensignaltag': '', 'opensignalvalue': '', 'closesignaltag': '', 'closesignalvalue': '', 'initialseverity': 'medium', 'affectedentity': ['Interface'], 'description': '', 'warmup': 30, 'cooldown': 30, 'device_hostnames': []}, affected entities: {'Interface': 'GigabitEthernet4'}
2025-05-27 16:23:48,077 - ERROR - Related signal TkaBEpcBHJrAe-gIy2r- is already open.
2025-05-27 16:23:48,078 - ERROR - Related signal: {'signal_id': '55fa2feb', 'device': '192.168.1.212', 'rule': 'InterfaceLinkDown', 'snmpTrapOid': 'IF-MIB::linkDown', 'affectedEntities': {'Interface': 'GigabitEthernet4'}, 'severity': 'medium', 'description': '', '@startTime': '2025-05-27T16:09:45.702664', 'endTime': None, 'status': 'open', 'events': ['8b74b2d748f7110fcfaf02217dd927511cb1569de9d1b01c13232d56138f8ad4']}
2025-05-27 16:24:05,575 - INFO - Received rule: InterfaceLinkDown
2025-05-27 16:24:05,575 - INFO - Matched rule: {'id': 1, 'name': 'InterfaceLinkDown', 'opensignaltrap': 'IF-MIB::linkDown', 'closesignaltrap': 'IF-MIB::linkUp', 'opensignaltag': '', 'opensignalvalue': '', 'closesignaltag': '', 'closesignalvalue': '', 'initialseverity': 'medium', 'affectedentity': ['Interface'], 'description': '', 'warmup': 30, 'cooldown': 30, 'device_hostnames': []}
2025-05-27 16:24:05,575 - INFO - Trap data: {'device': '192.168.1.212', 'DISMAN-EXPRESSION-MIB::sysUpTimeInstance': '7:23:41.15', 'SNMPv2-MIB::snmpTrapOID.0': 'IF-MIB::linkUp', 'content': {'IF-MIB::ifIndex.2': '2', 'IF-MIB::ifDescr.2': 'GigabitEthernet2', 'IF-MIB::ifType.2': 'ethernetCsmacd(6)'}, '@timestamp': '2025-05-27T16:24:05.563773', 'trap_id': '8560c01737237d0bd170ba0235fb7c930b4db9d2f67d544abf3965b05b3fe0e8', 'Interface': 'GigabitEthernet2', 'rule': 'InterfaceLinkDown'}
2025-05-27 16:24:05,575 - INFO - Extracted affected_entity_values: {'Interface': 'GigabitEthernet2'}
2025-05-27 16:24:05,575 - INFO - Trap SNMP Trap OID: IF-MIB::linkUp, Open Signal value: IF-MIB::linkDown: None
2025-05-27 16:24:05,576 - INFO - Trap SNMP Trap OID: IF-MIB::linkUp, Close Signal value: IF-MIB::linkUp: None
2025-05-27 16:24:05,576 - INFO - Trap elligible for closing signal: None
2025-05-27 16:24:05,584 - INFO - Related signal ID: SUaBEpcBHJrAe-gIsWq-, Related signal: {'signal_id': 'f96784b7', 'device': '192.168.1.212', 'rule': 'InterfaceLinkDown', 'snmpTrapOid': 'IF-MIB::linkDown', 'affectedEntities': {'Interface': 'GigabitEthernet2'}, 'severity': 'medium', 'description': '', '@startTime': '2025-05-27T16:09:38.978567', 'endTime': None, 'status': 'open', 'events': ['8b74b2d748f7110fcfaf02217dd927511cb1569de9d1b01c13232d56138f8ad4']}, Rule: {'id': 1, 'name': 'InterfaceLinkDown', 'opensignaltrap': 'IF-MIB::linkDown', 'closesignaltrap': 'IF-MIB::linkUp', 'opensignaltag': '', 'opensignalvalue': '', 'closesignaltag': '', 'closesignalvalue': '', 'initialseverity': 'medium', 'affectedentity': ['Interface'], 'description': '', 'warmup': 30, 'cooldown': 30, 'device_hostnames': []}, affected entities: {'Interface': 'GigabitEthernet2'}
2025-05-27 16:24:05,584 - INFO - Closing signal SUaBEpcBHJrAe-gIsWq-.
2025-05-27 16:24:05,635 - INFO - Signal updated in OpenSearch: SUaBEpcBHJrAe-gIsWq- - {'status': 'coolDown', '@endTime': '2025-05-27T16:24:05.563773', 'events': ['8b74b2d748f7110fcfaf02217dd927511cb1569de9d1b01c13232d56138f8ad4', '8560c01737237d0bd170ba0235fb7c930b4db9d2f67d544abf3965b05b3fe0e8']}
2025-05-27 16:24:05,803 - INFO - Signal f96784b7 (_id=SUaBEpcBHJrAe-gIsWq-) set to coolDown for 30s before closing.
2025-05-27 16:24:05,829 - INFO - Received rule: InterfaceLinkDown
2025-05-27 16:24:05,830 - INFO - Matched rule: {'id': 1, 'name': 'InterfaceLinkDown', 'opensignaltrap': 'IF-MIB::linkDown', 'closesignaltrap': 'IF-MIB::linkUp', 'opensignaltag': '', 'opensignalvalue': '', 'closesignaltag': '', 'closesignalvalue': '', 'initialseverity': 'medium', 'affectedentity': ['Interface'], 'description': '', 'warmup': 30, 'cooldown': 30, 'device_hostnames': []}
2025-05-27 16:24:05,830 - INFO - Trap data: {'device': '192.168.1.212', 'DISMAN-EXPRESSION-MIB::sysUpTimeInstance': '7:23:41.21', 'SNMPv2-MIB::snmpTrapOID.0': 'IF-MIB::linkUp', 'content': {'IF-MIB::ifIndex.3': '3', 'IF-MIB::ifDescr.3': 'GigabitEthernet3', 'IF-MIB::ifType.3': 'ethernetCsmacd(6)'}, '@timestamp': '2025-05-27T16:24:05.817320', 'trap_id': '8560c01737237d0bd170ba0235fb7c930b4db9d2f67d544abf3965b05b3fe0e8', 'Interface': 'GigabitEthernet3', 'rule': 'InterfaceLinkDown'}
2025-05-27 16:24:05,830 - INFO - Extracted affected_entity_values: {'Interface': 'GigabitEthernet3'}
2025-05-27 16:24:05,830 - INFO - Trap SNMP Trap OID: IF-MIB::linkUp, Open Signal value: IF-MIB::linkDown: None
2025-05-27 16:24:05,830 - INFO - Trap SNMP Trap OID: IF-MIB::linkUp, Close Signal value: IF-MIB::linkUp: None
2025-05-27 16:24:05,830 - INFO - Trap elligible for closing signal: None
2025-05-27 16:24:05,840 - INFO - Related signal ID: IEZ4EpcBHJrAe-gI5Goy, Related signal: {'signal_id': 'a3edbf06', 'device': '192.168.1.212', 'rule': 'InterfaceLinkDown', 'snmpTrapOid': 'IF-MIB::linkDown', 'affectedEntities': {'Interface': 'GigabitEthernet3'}, 'severity': 'medium', 'description': '', '@startTime': '2025-05-27T16:00:02.069747', 'endTime': None, 'status': 'open', 'events': ['8b74b2d748f7110fcfaf02217dd927511cb1569de9d1b01c13232d56138f8ad4']}, Rule: {'id': 1, 'name': 'InterfaceLinkDown', 'opensignaltrap': 'IF-MIB::linkDown', 'closesignaltrap': 'IF-MIB::linkUp', 'opensignaltag': '', 'opensignalvalue': '', 'closesignaltag': '', 'closesignalvalue': '', 'initialseverity': 'medium', 'affectedentity': ['Interface'], 'description': '', 'warmup': 30, 'cooldown': 30, 'device_hostnames': []}, affected entities: {'Interface': 'GigabitEthernet3'}
2025-05-27 16:24:05,840 - INFO - Closing signal IEZ4EpcBHJrAe-gI5Goy.
2025-05-27 16:24:05,860 - INFO - Signal updated in OpenSearch: IEZ4EpcBHJrAe-gI5Goy - {'status': 'coolDown', '@endTime': '2025-05-27T16:24:05.817320', 'events': ['8b74b2d748f7110fcfaf02217dd927511cb1569de9d1b01c13232d56138f8ad4', '8560c01737237d0bd170ba0235fb7c930b4db9d2f67d544abf3965b05b3fe0e8']}
2025-05-27 16:24:05,862 - INFO - Signal a3edbf06 (_id=IEZ4EpcBHJrAe-gI5Goy) set to coolDown for 30s before closing.
2025-05-27 16:24:15,642 - INFO - Received rule: InterfaceLinkDown
2025-05-27 16:24:15,642 - INFO - Matched rule: {'id': 1, 'name': 'InterfaceLinkDown', 'opensignaltrap': 'IF-MIB::linkDown', 'closesignaltrap': 'IF-MIB::linkUp', 'opensignaltag': '', 'opensignalvalue': '', 'closesignaltag': '', 'closesignalvalue': '', 'initialseverity': 'medium', 'affectedentity': ['Interface'], 'description': '', 'warmup': 30, 'cooldown': 30, 'device_hostnames': []}
2025-05-27 16:24:15,642 - INFO - Trap data: {'device': '192.168.1.212', 'DISMAN-EXPRESSION-MIB::sysUpTimeInstance': '7:23:51.22', 'SNMPv2-MIB::snmpTrapOID.0': 'IF-MIB::linkUp', 'content': {'IF-MIB::ifIndex.4': '4', 'IF-MIB::ifDescr.4': 'GigabitEthernet4', 'IF-MIB::ifType.4': 'ethernetCsmacd(6)'}, '@timestamp': '2025-05-27T16:24:15.628833', 'trap_id': '8560c01737237d0bd170ba0235fb7c930b4db9d2f67d544abf3965b05b3fe0e8', 'Interface': 'GigabitEthernet4', 'rule': 'InterfaceLinkDown'}
2025-05-27 16:24:15,643 - INFO - Extracted affected_entity_values: {'Interface': 'GigabitEthernet4'}
2025-05-27 16:24:15,643 - INFO - Trap SNMP Trap OID: IF-MIB::linkUp, Open Signal value: IF-MIB::linkDown: None
2025-05-27 16:24:15,643 - INFO - Trap SNMP Trap OID: IF-MIB::linkUp, Close Signal value: IF-MIB::linkUp: None
2025-05-27 16:24:15,643 - INFO - Trap elligible for closing signal: None
2025-05-27 16:24:15,651 - INFO - Related signal ID: TkaBEpcBHJrAe-gIy2r-, Related signal: {'signal_id': '55fa2feb', 'device': '192.168.1.212', 'rule': 'InterfaceLinkDown', 'snmpTrapOid': 'IF-MIB::linkDown', 'affectedEntities': {'Interface': 'GigabitEthernet4'}, 'severity': 'medium', 'description': '', '@startTime': '2025-05-27T16:09:45.702664', 'endTime': None, 'status': 'open', 'events': ['8b74b2d748f7110fcfaf02217dd927511cb1569de9d1b01c13232d56138f8ad4']}, Rule: {'id': 1, 'name': 'InterfaceLinkDown', 'opensignaltrap': 'IF-MIB::linkDown', 'closesignaltrap': 'IF-MIB::linkUp', 'opensignaltag': '', 'opensignalvalue': '', 'closesignaltag': '', 'closesignalvalue': '', 'initialseverity': 'medium', 'affectedentity': ['Interface'], 'description': '', 'warmup': 30, 'cooldown': 30, 'device_hostnames': []}, affected entities: {'Interface': 'GigabitEthernet4'}
2025-05-27 16:24:15,651 - INFO - Closing signal TkaBEpcBHJrAe-gIy2r-.
2025-05-27 16:24:15,667 - INFO - Signal updated in OpenSearch: TkaBEpcBHJrAe-gIy2r- - {'status': 'coolDown', '@endTime': '2025-05-27T16:24:15.628833', 'events': ['8b74b2d748f7110fcfaf02217dd927511cb1569de9d1b01c13232d56138f8ad4', '8560c01737237d0bd170ba0235fb7c930b4db9d2f67d544abf3965b05b3fe0e8']}
2025-05-27 16:24:15,670 - INFO - Signal 55fa2feb (_id=TkaBEpcBHJrAe-gIy2r-) set to coolDown for 30s before closing.
2025-05-27 22:11:09,101 - INFO - Shutting down signal consumer...
