[2025-04-30 17:01:44,413] INFO [Controller id=0] Processing automatic preferred replica leader election (kafka.controller.KafkaController)
[2025-04-30 17:01:44,414] TRACE [Controller id=0] Checking need to trigger auto leader balancing (kafka.controller.KafkaController)
[2025-04-30 17:06:44,416] INFO [Controller id=0] Processing automatic preferred replica leader election (kafka.controller.KafkaController)
[2025-04-30 17:06:44,416] TRACE [Controller id=0] Checking need to trigger auto leader balancing (kafka.controller.KafkaController)
[2025-04-30 17:11:44,417] INFO [Controller id=0] Processing automatic preferred replica leader election (kafka.controller.KafkaController)
[2025-04-30 17:11:44,417] TRACE [Controller id=0] Checking need to trigger auto leader balancing (kafka.controller.KafkaController)
[2025-04-30 17:16:44,417] INFO [Controller id=0] Processing automatic preferred replica leader election (kafka.controller.KafkaController)
[2025-04-30 17:16:44,418] TRACE [Controller id=0] Checking need to trigger auto leader balancing (kafka.controller.KafkaController)
[2025-04-30 17:21:44,444] INFO [Controller id=0] Processing automatic preferred replica leader election (kafka.controller.KafkaController)
[2025-04-30 17:21:44,501] TRACE [Controller id=0] Checking need to trigger auto leader balancing (kafka.controller.KafkaController)
[2025-04-30 17:26:44,502] INFO [Controller id=0] Processing automatic preferred replica leader election (kafka.controller.KafkaController)
[2025-04-30 17:26:44,503] TRACE [Controller id=0] Checking need to trigger auto leader balancing (kafka.controller.KafkaController)
[2025-04-30 17:31:44,504] INFO [Controller id=0] Processing automatic preferred replica leader election (kafka.controller.KafkaController)
[2025-04-30 17:31:44,505] TRACE [Controller id=0] Checking need to trigger auto leader balancing (kafka.controller.KafkaController)
[2025-04-30 17:33:55,671] INFO [Controller id=0] Shutting down broker 0 (kafka.controller.KafkaController)
[2025-04-30 17:33:55,695] DEBUG [Controller id=0] All shutting down brokers: 0 (kafka.controller.KafkaController)
[2025-04-30 17:33:55,761] DEBUG [Controller id=0] Live brokers:  (kafka.controller.KafkaController)
[2025-04-30 17:33:56,261] TRACE [Controller id=0] All leaders =  (kafka.controller.KafkaController)
[2025-04-30 17:34:02,001] INFO [ControllerEventThread controllerId=0] Shutting down (kafka.controller.ControllerEventManager$ControllerEventThread)
[2025-04-30 17:34:02,003] INFO [ControllerEventThread controllerId=0] Shutdown completed (kafka.controller.ControllerEventManager$ControllerEventThread)
[2025-04-30 17:34:02,003] INFO [ControllerEventThread controllerId=0] Stopped (kafka.controller.ControllerEventManager$ControllerEventThread)
[2025-04-30 17:34:02,102] DEBUG [Controller id=0] Resigning (kafka.controller.KafkaController)
[2025-04-30 17:34:02,163] DEBUG [Controller id=0] Unregister BrokerModifications handler for Set(0) (kafka.controller.KafkaController)
[2025-04-30 17:34:02,251] INFO [PartitionStateMachine controllerId=0] Stopped partition state machine (kafka.controller.ZkPartitionStateMachine)
[2025-04-30 17:34:02,252] INFO [ReplicaStateMachine controllerId=0] Stopped replica state machine (kafka.controller.ZkReplicaStateMachine)
[2025-04-30 17:34:02,294] INFO [RequestSendThread controllerId=0] Shutting down (kafka.controller.RequestSendThread)
[2025-04-30 17:34:02,310] INFO [RequestSendThread controllerId=0] Shutdown completed (kafka.controller.RequestSendThread)
[2025-04-30 17:34:02,310] INFO [RequestSendThread controllerId=0] Stopped (kafka.controller.RequestSendThread)
[2025-04-30 17:34:02,345] INFO [Controller id=0] Resigned (kafka.controller.KafkaController)
